mode: atomic
github.com/zarldev/goenums/goenums.go:59.37,84.2 17 0
github.com/zarldev/goenums/goenums.go:113.13,115.16 2 0
github.com/zarldev/goenums/goenums.go:115.16,117.3 1 0
github.com/zarldev/goenums/goenums.go:127.21,134.16 3 0
github.com/zarldev/goenums/goenums.go:134.16,136.3 1 0
github.com/zarldev/goenums/goenums.go:137.2,138.16 2 0
github.com/zarldev/goenums/goenums.go:138.16,140.3 1 0
github.com/zarldev/goenums/goenums.go:143.13,150.12 6 0
github.com/zarldev/goenums/goenums.go:150.12,153.3 2 0
github.com/zarldev/goenums/goenums.go:154.2,155.16 2 0
github.com/zarldev/goenums/goenums.go:155.16,157.3 1 0
github.com/zarldev/goenums/goenums.go:158.2,172.44 6 0
github.com/zarldev/goenums/goenums.go:172.44,174.21 2 0
github.com/zarldev/goenums/goenums.go:174.21,175.12 1 0
github.com/zarldev/goenums/goenums.go:177.3,184.16 4 0
github.com/zarldev/goenums/goenums.go:185.14,189.50 2 0
github.com/zarldev/goenums/goenums.go:190.11,192.10 2 0
github.com/zarldev/goenums/goenums.go:195.3,195.30 1 0
github.com/zarldev/goenums/goenums.go:196.17,198.69 2 0
github.com/zarldev/goenums/goenums.go:199.11,201.10 2 0
github.com/zarldev/goenums/goenums.go:204.3,210.48 4 0
github.com/zarldev/goenums/goenums.go:210.48,211.43 1 0
github.com/zarldev/goenums/goenums.go:211.43,215.5 3 0
github.com/zarldev/goenums/goenums.go:216.4,216.44 1 0
github.com/zarldev/goenums/goenums.go:216.44,219.5 2 0
github.com/zarldev/goenums/goenums.go:220.4,220.43 1 0
github.com/zarldev/goenums/goenums.go:220.43,224.5 3 0
github.com/zarldev/goenums/goenums.go:225.4,227.10 3 0
github.com/zarldev/goenums/goenums.go:229.3,229.54 1 0
github.com/zarldev/goenums/goenums.go:235.71,238.12 2 0
github.com/zarldev/goenums/goenums.go:238.12,241.3 2 0
github.com/zarldev/goenums/goenums.go:243.2,243.15 1 0
github.com/zarldev/goenums/goenums.go:243.15,246.3 2 0
github.com/zarldev/goenums/goenums.go:248.2,248.19 1 0
github.com/zarldev/goenums/goenums.go:248.19,251.3 2 0
github.com/zarldev/goenums/goenums.go:253.2,255.37 2 0
github.com/zarldev/goenums/goenums.go:255.37,257.21 2 0
github.com/zarldev/goenums/goenums.go:257.21,258.12 1 0
github.com/zarldev/goenums/goenums.go:261.3,261.54 1 0
github.com/zarldev/goenums/goenums.go:261.54,264.4 2 0
github.com/zarldev/goenums/goenums.go:267.2,275.20 2 0
github.com/zarldev/goenums/goenums.go:279.18,284.2 4 0
github.com/zarldev/goenums/goenums.go:286.47,287.25 1 0
github.com/zarldev/goenums/goenums.go:287.25,289.3 1 0
github.com/zarldev/goenums/goenums.go:290.2,292.41 3 0
github.com/zarldev/goenums/goenums.go:292.41,295.3 2 0
github.com/zarldev/goenums/goenums.go:296.2,296.25 1 0
github.com/zarldev/goenums/examples/salesimple/discounttypes_enums.go:85.59,92.2 1 0
github.com/zarldev/goenums/examples/salesimple/discounttypes_enums.go:96.62,97.45 1 0
github.com/zarldev/goenums/examples/salesimple/discounttypes_enums.go:97.45,98.34 1 0
github.com/zarldev/goenums/examples/salesimple/discounttypes_enums.go:98.34,99.17 1 0
github.com/zarldev/goenums/examples/salesimple/discounttypes_enums.go:99.17,101.5 1 0
github.com/zarldev/goenums/examples/salesimple/discounttypes_enums.go:110.57,112.27 2 0
github.com/zarldev/goenums/examples/salesimple/discounttypes_enums.go:113.20,114.16 1 0
github.com/zarldev/goenums/examples/salesimple/discounttypes_enums.go:115.14,116.32 1 0
github.com/zarldev/goenums/examples/salesimple/discounttypes_enums.go:117.20,118.41 1 0
github.com/zarldev/goenums/examples/salesimple/discounttypes_enums.go:119.14,120.40 1 0
github.com/zarldev/goenums/examples/salesimple/discounttypes_enums.go:121.11,122.32 1 0
github.com/zarldev/goenums/examples/salesimple/discounttypes_enums.go:123.12,124.32 1 0
github.com/zarldev/goenums/examples/salesimple/discounttypes_enums.go:125.13,126.32 1 0
github.com/zarldev/goenums/examples/salesimple/discounttypes_enums.go:127.13,128.32 1 0
github.com/zarldev/goenums/examples/salesimple/discounttypes_enums.go:129.13,130.32 1 0
github.com/zarldev/goenums/examples/salesimple/discounttypes_enums.go:131.12,132.32 1 0
github.com/zarldev/goenums/examples/salesimple/discounttypes_enums.go:133.13,134.32 1 0
github.com/zarldev/goenums/examples/salesimple/discounttypes_enums.go:135.14,136.32 1 0
github.com/zarldev/goenums/examples/salesimple/discounttypes_enums.go:137.14,138.32 1 0
github.com/zarldev/goenums/examples/salesimple/discounttypes_enums.go:139.14,140.32 1 0
github.com/zarldev/goenums/examples/salesimple/discounttypes_enums.go:141.15,142.32 1 0
github.com/zarldev/goenums/examples/salesimple/discounttypes_enums.go:143.15,144.32 1 0
github.com/zarldev/goenums/examples/salesimple/discounttypes_enums.go:145.10,146.51 1 0
github.com/zarldev/goenums/examples/salesimple/discounttypes_enums.go:148.2,148.32 1 0
github.com/zarldev/goenums/examples/salesimple/discounttypes_enums.go:148.32,150.3 1 0
github.com/zarldev/goenums/examples/salesimple/discounttypes_enums.go:151.2,151.17 1 0
github.com/zarldev/goenums/examples/salesimple/discounttypes_enums.go:161.50,162.42 1 0
github.com/zarldev/goenums/examples/salesimple/discounttypes_enums.go:162.42,164.3 1 0
github.com/zarldev/goenums/examples/salesimple/discounttypes_enums.go:165.2,165.28 1 0
github.com/zarldev/goenums/examples/salesimple/discounttypes_enums.go:171.90,173.24 2 0
github.com/zarldev/goenums/examples/salesimple/discounttypes_enums.go:173.24,175.3 1 0
github.com/zarldev/goenums/examples/salesimple/discounttypes_enums.go:176.2,177.49 2 0
github.com/zarldev/goenums/examples/salesimple/discounttypes_enums.go:177.49,179.3 1 0
github.com/zarldev/goenums/examples/salesimple/discounttypes_enums.go:180.2,180.38 1 0
github.com/zarldev/goenums/examples/salesimple/discounttypes_enums.go:185.52,186.45 1 0
github.com/zarldev/goenums/examples/salesimple/discounttypes_enums.go:186.45,188.3 1 0
github.com/zarldev/goenums/examples/salesimple/discounttypes_enums.go:201.38,203.2 1 0
github.com/zarldev/goenums/examples/salesimple/discounttypes_enums.go:207.53,209.2 1 0
github.com/zarldev/goenums/examples/salesimple/discounttypes_enums.go:214.54,217.16 3 0
github.com/zarldev/goenums/examples/salesimple/discounttypes_enums.go:217.16,219.3 1 0
github.com/zarldev/goenums/examples/salesimple/discounttypes_enums.go:220.2,221.12 2 0
github.com/zarldev/goenums/examples/salesimple/discounttypes_enums.go:226.53,228.2 1 0
github.com/zarldev/goenums/examples/salesimple/discounttypes_enums.go:233.54,235.16 2 0
github.com/zarldev/goenums/examples/salesimple/discounttypes_enums.go:235.16,237.3 1 0
github.com/zarldev/goenums/examples/salesimple/discounttypes_enums.go:238.2,239.12 2 0
github.com/zarldev/goenums/examples/salesimple/discounttypes_enums.go:245.46,247.16 2 0
github.com/zarldev/goenums/examples/salesimple/discounttypes_enums.go:247.16,249.3 1 0
github.com/zarldev/goenums/examples/salesimple/discounttypes_enums.go:250.2,251.12 2 0
github.com/zarldev/goenums/examples/salesimple/discounttypes_enums.go:256.53,258.2 1 0
github.com/zarldev/goenums/examples/salesimple/discounttypes_enums.go:262.55,264.2 1 0
github.com/zarldev/goenums/examples/salesimple/discounttypes_enums.go:269.56,271.16 2 0
github.com/zarldev/goenums/examples/salesimple/discounttypes_enums.go:271.16,273.3 1 0
github.com/zarldev/goenums/examples/salesimple/discounttypes_enums.go:274.2,275.12 2 0
github.com/zarldev/goenums/examples/salesimple/discounttypes_enums.go:281.50,283.2 1 0
github.com/zarldev/goenums/examples/salesimple/discounttypes_enums.go:288.84,289.9 1 0
github.com/zarldev/goenums/examples/salesimple/discounttypes_enums.go:290.20,291.19 1 0
github.com/zarldev/goenums/examples/salesimple/discounttypes_enums.go:292.10,292.10 0 0
github.com/zarldev/goenums/examples/salesimple/discounttypes_enums.go:294.2,294.22 1 0
github.com/zarldev/goenums/examples/salesimple/discounttypes_enums.go:311.39,312.44 1 0
github.com/zarldev/goenums/examples/salesimple/discounttypes_enums.go:312.44,314.3 1 0
github.com/zarldev/goenums/examples/salesimple/discounttypes_enums.go:315.2,315.56 1 0
github.com/zarldev/goenums/examples/sale/discounttypes_enums.go:85.59,92.2 1 0
github.com/zarldev/goenums/examples/sale/discounttypes_enums.go:96.62,97.45 1 0
github.com/zarldev/goenums/examples/sale/discounttypes_enums.go:97.45,98.34 1 0
github.com/zarldev/goenums/examples/sale/discounttypes_enums.go:98.34,99.17 1 0
github.com/zarldev/goenums/examples/sale/discounttypes_enums.go:99.17,101.5 1 0
github.com/zarldev/goenums/examples/sale/discounttypes_enums.go:110.57,112.27 2 0
github.com/zarldev/goenums/examples/sale/discounttypes_enums.go:113.20,114.16 1 0
github.com/zarldev/goenums/examples/sale/discounttypes_enums.go:115.14,116.32 1 0
github.com/zarldev/goenums/examples/sale/discounttypes_enums.go:117.20,118.41 1 0
github.com/zarldev/goenums/examples/sale/discounttypes_enums.go:119.14,120.40 1 0
github.com/zarldev/goenums/examples/sale/discounttypes_enums.go:121.11,122.32 1 0
github.com/zarldev/goenums/examples/sale/discounttypes_enums.go:123.12,124.32 1 0
github.com/zarldev/goenums/examples/sale/discounttypes_enums.go:125.13,126.32 1 0
github.com/zarldev/goenums/examples/sale/discounttypes_enums.go:127.13,128.32 1 0
github.com/zarldev/goenums/examples/sale/discounttypes_enums.go:129.13,130.32 1 0
github.com/zarldev/goenums/examples/sale/discounttypes_enums.go:131.12,132.32 1 0
github.com/zarldev/goenums/examples/sale/discounttypes_enums.go:133.13,134.32 1 0
github.com/zarldev/goenums/examples/sale/discounttypes_enums.go:135.14,136.32 1 0
github.com/zarldev/goenums/examples/sale/discounttypes_enums.go:137.14,138.32 1 0
github.com/zarldev/goenums/examples/sale/discounttypes_enums.go:139.14,140.32 1 0
github.com/zarldev/goenums/examples/sale/discounttypes_enums.go:141.15,142.32 1 0
github.com/zarldev/goenums/examples/sale/discounttypes_enums.go:143.15,144.32 1 0
github.com/zarldev/goenums/examples/sale/discounttypes_enums.go:145.10,146.51 1 0
github.com/zarldev/goenums/examples/sale/discounttypes_enums.go:148.2,148.32 1 0
github.com/zarldev/goenums/examples/sale/discounttypes_enums.go:148.32,150.3 1 0
github.com/zarldev/goenums/examples/sale/discounttypes_enums.go:151.2,151.17 1 0
github.com/zarldev/goenums/examples/sale/discounttypes_enums.go:161.50,162.42 1 0
github.com/zarldev/goenums/examples/sale/discounttypes_enums.go:162.42,164.3 1 0
github.com/zarldev/goenums/examples/sale/discounttypes_enums.go:165.2,165.28 1 0
github.com/zarldev/goenums/examples/sale/discounttypes_enums.go:171.90,173.24 2 0
github.com/zarldev/goenums/examples/sale/discounttypes_enums.go:173.24,175.3 1 0
github.com/zarldev/goenums/examples/sale/discounttypes_enums.go:176.2,177.49 2 0
github.com/zarldev/goenums/examples/sale/discounttypes_enums.go:177.49,179.3 1 0
github.com/zarldev/goenums/examples/sale/discounttypes_enums.go:180.2,180.38 1 0
github.com/zarldev/goenums/examples/sale/discounttypes_enums.go:185.52,186.45 1 0
github.com/zarldev/goenums/examples/sale/discounttypes_enums.go:186.45,188.3 1 0
github.com/zarldev/goenums/examples/sale/discounttypes_enums.go:201.38,203.2 1 0
github.com/zarldev/goenums/examples/sale/discounttypes_enums.go:207.53,209.2 1 0
github.com/zarldev/goenums/examples/sale/discounttypes_enums.go:214.54,217.16 3 0
github.com/zarldev/goenums/examples/sale/discounttypes_enums.go:217.16,219.3 1 0
github.com/zarldev/goenums/examples/sale/discounttypes_enums.go:220.2,221.12 2 0
github.com/zarldev/goenums/examples/sale/discounttypes_enums.go:226.53,228.2 1 0
github.com/zarldev/goenums/examples/sale/discounttypes_enums.go:233.54,235.16 2 0
github.com/zarldev/goenums/examples/sale/discounttypes_enums.go:235.16,237.3 1 0
github.com/zarldev/goenums/examples/sale/discounttypes_enums.go:238.2,239.12 2 0
github.com/zarldev/goenums/examples/sale/discounttypes_enums.go:245.46,247.16 2 0
github.com/zarldev/goenums/examples/sale/discounttypes_enums.go:247.16,249.3 1 0
github.com/zarldev/goenums/examples/sale/discounttypes_enums.go:250.2,251.12 2 0
github.com/zarldev/goenums/examples/sale/discounttypes_enums.go:256.53,258.2 1 0
github.com/zarldev/goenums/examples/sale/discounttypes_enums.go:262.55,264.2 1 0
github.com/zarldev/goenums/examples/sale/discounttypes_enums.go:269.56,271.16 2 0
github.com/zarldev/goenums/examples/sale/discounttypes_enums.go:271.16,273.3 1 0
github.com/zarldev/goenums/examples/sale/discounttypes_enums.go:274.2,275.12 2 0
github.com/zarldev/goenums/examples/sale/discounttypes_enums.go:281.50,283.2 1 0
github.com/zarldev/goenums/examples/sale/discounttypes_enums.go:288.84,289.9 1 0
github.com/zarldev/goenums/examples/sale/discounttypes_enums.go:290.20,291.19 1 0
github.com/zarldev/goenums/examples/sale/discounttypes_enums.go:292.10,292.10 0 0
github.com/zarldev/goenums/examples/sale/discounttypes_enums.go:294.2,294.22 1 0
github.com/zarldev/goenums/examples/sale/discounttypes_enums.go:311.39,312.45 1 0
github.com/zarldev/goenums/examples/sale/discounttypes_enums.go:312.45,314.3 1 0
github.com/zarldev/goenums/examples/sale/discounttypes_enums.go:315.2,315.58 1 0
github.com/zarldev/goenums/examples/validation/statuses_enums.go:67.46,76.2 1 0
github.com/zarldev/goenums/examples/validation/statuses_enums.go:80.49,81.39 1 0
github.com/zarldev/goenums/examples/validation/statuses_enums.go:81.39,82.34 1 0
github.com/zarldev/goenums/examples/validation/statuses_enums.go:82.34,83.17 1 0
github.com/zarldev/goenums/examples/validation/statuses_enums.go:83.17,85.5 1 0
github.com/zarldev/goenums/examples/validation/statuses_enums.go:94.45,96.27 2 0
github.com/zarldev/goenums/examples/validation/statuses_enums.go:97.14,98.16 1 0
github.com/zarldev/goenums/examples/validation/statuses_enums.go:99.14,100.26 1 0
github.com/zarldev/goenums/examples/validation/statuses_enums.go:101.20,102.35 1 0
github.com/zarldev/goenums/examples/validation/statuses_enums.go:103.14,104.34 1 0
github.com/zarldev/goenums/examples/validation/statuses_enums.go:105.11,106.26 1 0
github.com/zarldev/goenums/examples/validation/statuses_enums.go:107.12,108.26 1 0
github.com/zarldev/goenums/examples/validation/statuses_enums.go:109.13,110.26 1 0
github.com/zarldev/goenums/examples/validation/statuses_enums.go:111.13,112.26 1 0
github.com/zarldev/goenums/examples/validation/statuses_enums.go:113.13,114.26 1 0
github.com/zarldev/goenums/examples/validation/statuses_enums.go:115.12,116.26 1 0
github.com/zarldev/goenums/examples/validation/statuses_enums.go:117.13,118.26 1 0
github.com/zarldev/goenums/examples/validation/statuses_enums.go:119.14,120.26 1 0
github.com/zarldev/goenums/examples/validation/statuses_enums.go:121.14,122.26 1 0
github.com/zarldev/goenums/examples/validation/statuses_enums.go:123.14,124.26 1 0
github.com/zarldev/goenums/examples/validation/statuses_enums.go:125.15,126.26 1 0
github.com/zarldev/goenums/examples/validation/statuses_enums.go:127.15,128.26 1 0
github.com/zarldev/goenums/examples/validation/statuses_enums.go:129.10,130.51 1 0
github.com/zarldev/goenums/examples/validation/statuses_enums.go:132.2,132.17 1 0
github.com/zarldev/goenums/examples/validation/statuses_enums.go:149.38,150.35 1 0
github.com/zarldev/goenums/examples/validation/statuses_enums.go:150.35,152.3 1 0
github.com/zarldev/goenums/examples/validation/statuses_enums.go:153.2,153.22 1 0
github.com/zarldev/goenums/examples/validation/statuses_enums.go:159.78,161.24 2 0
github.com/zarldev/goenums/examples/validation/statuses_enums.go:161.24,163.3 1 0
github.com/zarldev/goenums/examples/validation/statuses_enums.go:164.2,165.44 2 0
github.com/zarldev/goenums/examples/validation/statuses_enums.go:165.44,167.3 1 0
github.com/zarldev/goenums/examples/validation/statuses_enums.go:168.2,168.31 1 0
github.com/zarldev/goenums/examples/validation/statuses_enums.go:173.41,174.40 1 0
github.com/zarldev/goenums/examples/validation/statuses_enums.go:174.40,176.3 1 0
github.com/zarldev/goenums/examples/validation/statuses_enums.go:191.32,193.2 1 0
github.com/zarldev/goenums/examples/validation/statuses_enums.go:197.47,199.2 1 0
github.com/zarldev/goenums/examples/validation/statuses_enums.go:204.48,207.16 3 0
github.com/zarldev/goenums/examples/validation/statuses_enums.go:207.16,209.3 1 0
github.com/zarldev/goenums/examples/validation/statuses_enums.go:210.2,211.12 2 0
github.com/zarldev/goenums/examples/validation/statuses_enums.go:216.47,218.2 1 0
github.com/zarldev/goenums/examples/validation/statuses_enums.go:223.48,225.16 2 0
github.com/zarldev/goenums/examples/validation/statuses_enums.go:225.16,227.3 1 0
github.com/zarldev/goenums/examples/validation/statuses_enums.go:228.2,229.12 2 0
github.com/zarldev/goenums/examples/validation/statuses_enums.go:235.40,237.16 2 0
github.com/zarldev/goenums/examples/validation/statuses_enums.go:237.16,239.3 1 0
github.com/zarldev/goenums/examples/validation/statuses_enums.go:240.2,241.12 2 0
github.com/zarldev/goenums/examples/validation/statuses_enums.go:246.47,248.2 1 0
github.com/zarldev/goenums/examples/validation/statuses_enums.go:252.49,254.2 1 0
github.com/zarldev/goenums/examples/validation/statuses_enums.go:259.50,261.16 2 0
github.com/zarldev/goenums/examples/validation/statuses_enums.go:261.16,263.3 1 0
github.com/zarldev/goenums/examples/validation/statuses_enums.go:264.2,265.12 2 0
github.com/zarldev/goenums/examples/validation/statuses_enums.go:271.44,273.2 1 0
github.com/zarldev/goenums/examples/validation/statuses_enums.go:278.78,279.9 1 0
github.com/zarldev/goenums/examples/validation/statuses_enums.go:280.20,281.19 1 0
github.com/zarldev/goenums/examples/validation/statuses_enums.go:282.10,282.10 0 0
github.com/zarldev/goenums/examples/validation/statuses_enums.go:284.2,284.22 1 0
github.com/zarldev/goenums/examples/validation/statuses_enums.go:303.33,304.38 1 0
github.com/zarldev/goenums/examples/validation/statuses_enums.go:304.38,306.3 1 0
github.com/zarldev/goenums/examples/validation/statuses_enums.go:307.2,307.44 1 0
github.com/zarldev/goenums/examples/solarsystem/planets_enums.go:148.47,159.2 1 0
github.com/zarldev/goenums/examples/solarsystem/planets_enums.go:163.50,164.39 1 0
github.com/zarldev/goenums/examples/solarsystem/planets_enums.go:164.39,165.34 1 0
github.com/zarldev/goenums/examples/solarsystem/planets_enums.go:165.34,166.17 1 0
github.com/zarldev/goenums/examples/solarsystem/planets_enums.go:166.17,168.5 1 0
github.com/zarldev/goenums/examples/solarsystem/planets_enums.go:177.45,179.27 2 0
github.com/zarldev/goenums/examples/solarsystem/planets_enums.go:180.14,181.16 1 0
github.com/zarldev/goenums/examples/solarsystem/planets_enums.go:182.14,183.26 1 0
github.com/zarldev/goenums/examples/solarsystem/planets_enums.go:184.20,185.35 1 0
github.com/zarldev/goenums/examples/solarsystem/planets_enums.go:186.14,187.34 1 0
github.com/zarldev/goenums/examples/solarsystem/planets_enums.go:188.11,189.26 1 0
github.com/zarldev/goenums/examples/solarsystem/planets_enums.go:190.12,191.26 1 0
github.com/zarldev/goenums/examples/solarsystem/planets_enums.go:192.13,193.26 1 0
github.com/zarldev/goenums/examples/solarsystem/planets_enums.go:194.13,195.26 1 0
github.com/zarldev/goenums/examples/solarsystem/planets_enums.go:196.13,197.26 1 0
github.com/zarldev/goenums/examples/solarsystem/planets_enums.go:198.12,199.26 1 0
github.com/zarldev/goenums/examples/solarsystem/planets_enums.go:200.13,201.26 1 0
github.com/zarldev/goenums/examples/solarsystem/planets_enums.go:202.14,203.26 1 0
github.com/zarldev/goenums/examples/solarsystem/planets_enums.go:204.14,205.26 1 0
github.com/zarldev/goenums/examples/solarsystem/planets_enums.go:206.14,207.26 1 0
github.com/zarldev/goenums/examples/solarsystem/planets_enums.go:208.15,209.26 1 0
github.com/zarldev/goenums/examples/solarsystem/planets_enums.go:210.15,211.26 1 0
github.com/zarldev/goenums/examples/solarsystem/planets_enums.go:212.10,213.51 1 0
github.com/zarldev/goenums/examples/solarsystem/planets_enums.go:215.2,215.17 1 0
github.com/zarldev/goenums/examples/solarsystem/planets_enums.go:234.38,235.36 1 0
github.com/zarldev/goenums/examples/solarsystem/planets_enums.go:235.36,237.3 1 0
github.com/zarldev/goenums/examples/solarsystem/planets_enums.go:238.2,238.22 1 0
github.com/zarldev/goenums/examples/solarsystem/planets_enums.go:244.78,246.24 2 0
github.com/zarldev/goenums/examples/solarsystem/planets_enums.go:246.24,248.3 1 0
github.com/zarldev/goenums/examples/solarsystem/planets_enums.go:249.2,250.43 2 0
github.com/zarldev/goenums/examples/solarsystem/planets_enums.go:250.43,252.3 1 0
github.com/zarldev/goenums/examples/solarsystem/planets_enums.go:253.2,253.30 1 0
github.com/zarldev/goenums/examples/solarsystem/planets_enums.go:258.40,259.39 1 0
github.com/zarldev/goenums/examples/solarsystem/planets_enums.go:259.39,261.3 1 0
github.com/zarldev/goenums/examples/solarsystem/planets_enums.go:278.32,280.2 1 0
github.com/zarldev/goenums/examples/solarsystem/planets_enums.go:284.47,286.2 1 0
github.com/zarldev/goenums/examples/solarsystem/planets_enums.go:291.48,294.16 3 0
github.com/zarldev/goenums/examples/solarsystem/planets_enums.go:294.16,296.3 1 0
github.com/zarldev/goenums/examples/solarsystem/planets_enums.go:297.2,298.12 2 0
github.com/zarldev/goenums/examples/solarsystem/planets_enums.go:303.47,305.2 1 0
github.com/zarldev/goenums/examples/solarsystem/planets_enums.go:310.48,312.16 2 0
github.com/zarldev/goenums/examples/solarsystem/planets_enums.go:312.16,314.3 1 0
github.com/zarldev/goenums/examples/solarsystem/planets_enums.go:315.2,316.12 2 0
github.com/zarldev/goenums/examples/solarsystem/planets_enums.go:322.40,324.16 2 0
github.com/zarldev/goenums/examples/solarsystem/planets_enums.go:324.16,326.3 1 0
github.com/zarldev/goenums/examples/solarsystem/planets_enums.go:327.2,328.12 2 0
github.com/zarldev/goenums/examples/solarsystem/planets_enums.go:333.47,335.2 1 0
github.com/zarldev/goenums/examples/solarsystem/planets_enums.go:339.49,341.2 1 0
github.com/zarldev/goenums/examples/solarsystem/planets_enums.go:346.50,348.16 2 0
github.com/zarldev/goenums/examples/solarsystem/planets_enums.go:348.16,350.3 1 0
github.com/zarldev/goenums/examples/solarsystem/planets_enums.go:351.2,352.12 2 0
github.com/zarldev/goenums/examples/solarsystem/planets_enums.go:358.44,360.2 1 0
github.com/zarldev/goenums/examples/solarsystem/planets_enums.go:365.78,366.9 1 0
github.com/zarldev/goenums/examples/solarsystem/planets_enums.go:367.20,368.19 1 0
github.com/zarldev/goenums/examples/solarsystem/planets_enums.go:369.10,369.10 0 0
github.com/zarldev/goenums/examples/solarsystem/planets_enums.go:371.2,371.22 1 0
github.com/zarldev/goenums/examples/solarsystem/planets_enums.go:392.33,393.38 1 0
github.com/zarldev/goenums/examples/solarsystem/planets_enums.go:393.38,395.3 1 0
github.com/zarldev/goenums/examples/solarsystem/planets_enums.go:396.2,396.44 1 0
github.com/zarldev/goenums/examples/solarsystemsimple/planets_enums.go:85.47,96.2 1 0
github.com/zarldev/goenums/examples/solarsystemsimple/planets_enums.go:100.50,101.39 1 0
github.com/zarldev/goenums/examples/solarsystemsimple/planets_enums.go:101.39,102.34 1 0
github.com/zarldev/goenums/examples/solarsystemsimple/planets_enums.go:102.34,103.17 1 0
github.com/zarldev/goenums/examples/solarsystemsimple/planets_enums.go:103.17,105.5 1 0
github.com/zarldev/goenums/examples/solarsystemsimple/planets_enums.go:114.45,116.27 2 0
github.com/zarldev/goenums/examples/solarsystemsimple/planets_enums.go:117.14,118.16 1 0
github.com/zarldev/goenums/examples/solarsystemsimple/planets_enums.go:119.14,120.26 1 0
github.com/zarldev/goenums/examples/solarsystemsimple/planets_enums.go:121.20,122.35 1 0
github.com/zarldev/goenums/examples/solarsystemsimple/planets_enums.go:123.14,124.34 1 0
github.com/zarldev/goenums/examples/solarsystemsimple/planets_enums.go:125.11,126.26 1 0
github.com/zarldev/goenums/examples/solarsystemsimple/planets_enums.go:127.12,128.26 1 0
github.com/zarldev/goenums/examples/solarsystemsimple/planets_enums.go:129.13,130.26 1 0
github.com/zarldev/goenums/examples/solarsystemsimple/planets_enums.go:131.13,132.26 1 0
github.com/zarldev/goenums/examples/solarsystemsimple/planets_enums.go:133.13,134.26 1 0
github.com/zarldev/goenums/examples/solarsystemsimple/planets_enums.go:135.12,136.26 1 0
github.com/zarldev/goenums/examples/solarsystemsimple/planets_enums.go:137.13,138.26 1 0
github.com/zarldev/goenums/examples/solarsystemsimple/planets_enums.go:139.14,140.26 1 0
github.com/zarldev/goenums/examples/solarsystemsimple/planets_enums.go:141.14,142.26 1 0
github.com/zarldev/goenums/examples/solarsystemsimple/planets_enums.go:143.14,144.26 1 0
github.com/zarldev/goenums/examples/solarsystemsimple/planets_enums.go:145.15,146.26 1 0
github.com/zarldev/goenums/examples/solarsystemsimple/planets_enums.go:147.15,148.26 1 0
github.com/zarldev/goenums/examples/solarsystemsimple/planets_enums.go:149.10,150.51 1 0
github.com/zarldev/goenums/examples/solarsystemsimple/planets_enums.go:152.2,152.17 1 0
github.com/zarldev/goenums/examples/solarsystemsimple/planets_enums.go:171.38,172.36 1 0
github.com/zarldev/goenums/examples/solarsystemsimple/planets_enums.go:172.36,174.3 1 0
github.com/zarldev/goenums/examples/solarsystemsimple/planets_enums.go:175.2,175.22 1 0
github.com/zarldev/goenums/examples/solarsystemsimple/planets_enums.go:181.78,183.24 2 0
github.com/zarldev/goenums/examples/solarsystemsimple/planets_enums.go:183.24,185.3 1 0
github.com/zarldev/goenums/examples/solarsystemsimple/planets_enums.go:186.2,187.43 2 0
github.com/zarldev/goenums/examples/solarsystemsimple/planets_enums.go:187.43,189.3 1 0
github.com/zarldev/goenums/examples/solarsystemsimple/planets_enums.go:190.2,190.30 1 0
github.com/zarldev/goenums/examples/solarsystemsimple/planets_enums.go:195.40,196.39 1 0
github.com/zarldev/goenums/examples/solarsystemsimple/planets_enums.go:196.39,198.3 1 0
github.com/zarldev/goenums/examples/solarsystemsimple/planets_enums.go:215.32,217.2 1 0
github.com/zarldev/goenums/examples/solarsystemsimple/planets_enums.go:221.47,223.2 1 0
github.com/zarldev/goenums/examples/solarsystemsimple/planets_enums.go:228.48,231.16 3 0
github.com/zarldev/goenums/examples/solarsystemsimple/planets_enums.go:231.16,233.3 1 0
github.com/zarldev/goenums/examples/solarsystemsimple/planets_enums.go:234.2,235.12 2 0
github.com/zarldev/goenums/examples/solarsystemsimple/planets_enums.go:240.47,242.2 1 0
github.com/zarldev/goenums/examples/solarsystemsimple/planets_enums.go:247.48,249.16 2 0
github.com/zarldev/goenums/examples/solarsystemsimple/planets_enums.go:249.16,251.3 1 0
github.com/zarldev/goenums/examples/solarsystemsimple/planets_enums.go:252.2,253.12 2 0
github.com/zarldev/goenums/examples/solarsystemsimple/planets_enums.go:259.40,261.16 2 0
github.com/zarldev/goenums/examples/solarsystemsimple/planets_enums.go:261.16,263.3 1 0
github.com/zarldev/goenums/examples/solarsystemsimple/planets_enums.go:264.2,265.12 2 0
github.com/zarldev/goenums/examples/solarsystemsimple/planets_enums.go:270.47,272.2 1 0
github.com/zarldev/goenums/examples/solarsystemsimple/planets_enums.go:276.49,278.2 1 0
github.com/zarldev/goenums/examples/solarsystemsimple/planets_enums.go:283.50,285.16 2 0
github.com/zarldev/goenums/examples/solarsystemsimple/planets_enums.go:285.16,287.3 1 0
github.com/zarldev/goenums/examples/solarsystemsimple/planets_enums.go:288.2,289.12 2 0
github.com/zarldev/goenums/examples/solarsystemsimple/planets_enums.go:295.44,297.2 1 0
github.com/zarldev/goenums/examples/solarsystemsimple/planets_enums.go:302.78,303.9 1 0
github.com/zarldev/goenums/examples/solarsystemsimple/planets_enums.go:304.20,305.19 1 0
github.com/zarldev/goenums/examples/solarsystemsimple/planets_enums.go:306.10,306.10 0 0
github.com/zarldev/goenums/examples/solarsystemsimple/planets_enums.go:308.2,308.22 1 0
github.com/zarldev/goenums/examples/solarsystemsimple/planets_enums.go:329.33,330.38 1 0
github.com/zarldev/goenums/examples/solarsystemsimple/planets_enums.go:330.38,332.3 1 0
github.com/zarldev/goenums/examples/solarsystemsimple/planets_enums.go:333.2,333.44 1 0
github.com/zarldev/goenums/generator/config/config.go:50.50,51.23 1 0
github.com/zarldev/goenums/generator/config/config.go:51.23,53.3 1 0
github.com/zarldev/goenums/generator/config/config.go:54.2,60.3 1 0
github.com/zarldev/goenums/goenums.go:59.37,84.2 17 0
github.com/zarldev/goenums/goenums.go:113.13,115.16 2 0
github.com/zarldev/goenums/goenums.go:115.16,117.3 1 0
github.com/zarldev/goenums/goenums.go:127.21,134.16 3 0
github.com/zarldev/goenums/goenums.go:134.16,136.3 1 0
github.com/zarldev/goenums/goenums.go:137.2,138.16 2 0
github.com/zarldev/goenums/goenums.go:138.16,140.3 1 0
github.com/zarldev/goenums/goenums.go:143.13,150.12 6 0
github.com/zarldev/goenums/goenums.go:150.12,153.3 2 0
github.com/zarldev/goenums/goenums.go:154.2,155.16 2 0
github.com/zarldev/goenums/goenums.go:155.16,157.3 1 0
github.com/zarldev/goenums/goenums.go:158.2,172.44 6 0
github.com/zarldev/goenums/goenums.go:172.44,174.21 2 0
github.com/zarldev/goenums/goenums.go:174.21,175.12 1 0
github.com/zarldev/goenums/goenums.go:177.3,184.16 4 0
github.com/zarldev/goenums/goenums.go:185.14,189.50 2 0
github.com/zarldev/goenums/goenums.go:190.11,192.10 2 0
github.com/zarldev/goenums/goenums.go:195.3,195.30 1 0
github.com/zarldev/goenums/goenums.go:196.17,198.69 2 0
github.com/zarldev/goenums/goenums.go:199.11,201.10 2 0
github.com/zarldev/goenums/goenums.go:204.3,210.48 4 0
github.com/zarldev/goenums/goenums.go:210.48,211.43 1 0
github.com/zarldev/goenums/goenums.go:211.43,215.5 3 0
github.com/zarldev/goenums/goenums.go:216.4,216.44 1 0
github.com/zarldev/goenums/goenums.go:216.44,219.5 2 0
github.com/zarldev/goenums/goenums.go:220.4,220.43 1 0
github.com/zarldev/goenums/goenums.go:220.43,224.5 3 0
github.com/zarldev/goenums/goenums.go:225.4,227.10 3 0
github.com/zarldev/goenums/goenums.go:229.3,229.54 1 0
github.com/zarldev/goenums/goenums.go:235.71,238.12 2 0
github.com/zarldev/goenums/goenums.go:238.12,241.3 2 0
github.com/zarldev/goenums/goenums.go:243.2,243.15 1 0
github.com/zarldev/goenums/goenums.go:243.15,246.3 2 0
github.com/zarldev/goenums/goenums.go:248.2,248.19 1 0
github.com/zarldev/goenums/goenums.go:248.19,251.3 2 0
github.com/zarldev/goenums/goenums.go:253.2,255.37 2 0
github.com/zarldev/goenums/goenums.go:255.37,257.21 2 0
github.com/zarldev/goenums/goenums.go:257.21,258.12 1 0
github.com/zarldev/goenums/goenums.go:261.3,261.54 1 0
github.com/zarldev/goenums/goenums.go:261.54,264.4 2 0
github.com/zarldev/goenums/goenums.go:267.2,275.20 2 0
github.com/zarldev/goenums/goenums.go:279.18,284.2 4 0
github.com/zarldev/goenums/goenums.go:286.47,287.25 1 0
github.com/zarldev/goenums/goenums.go:287.25,289.3 1 0
github.com/zarldev/goenums/goenums.go:290.2,292.41 3 0
github.com/zarldev/goenums/goenums.go:292.41,295.3 2 0
github.com/zarldev/goenums/goenums.go:296.2,296.25 1 0
github.com/zarldev/goenums/enum/enum.go:56.44,61.2 1 0
github.com/zarldev/goenums/enum/enum.go:75.45,78.49 3 0
github.com/zarldev/goenums/enum/enum.go:78.49,80.17 2 0
github.com/zarldev/goenums/enum/enum.go:80.17,82.4 1 0
github.com/zarldev/goenums/enum/enum.go:83.3,83.15 1 0
github.com/zarldev/goenums/enum/enum.go:83.15,85.4 1 0
github.com/zarldev/goenums/enum/enum.go:86.3,86.24 1 0
github.com/zarldev/goenums/enum/enum.go:86.24,88.4 1 0
github.com/zarldev/goenums/enum/enum.go:89.3,89.23 1 0
github.com/zarldev/goenums/enum/enum.go:91.2,91.16 1 0
github.com/zarldev/goenums/enum/enum.go:109.30,111.2 1 23
github.com/zarldev/goenums/enum/enum.go:146.42,147.31 1 18
github.com/zarldev/goenums/enum/enum.go:147.31,150.79 2 4
github.com/zarldev/goenums/enum/enum.go:150.79,152.4 1 0
github.com/zarldev/goenums/enum/enum.go:153.3,153.27 1 4
github.com/zarldev/goenums/enum/enum.go:156.2,159.32 3 14
github.com/zarldev/goenums/enum/enum.go:159.32,161.22 2 35
github.com/zarldev/goenums/enum/enum.go:161.22,162.12 1 10
github.com/zarldev/goenums/enum/enum.go:164.3,164.71 1 25
github.com/zarldev/goenums/enum/enum.go:164.71,166.4 1 7
github.com/zarldev/goenums/enum/enum.go:167.3,168.6 2 25
github.com/zarldev/goenums/enum/enum.go:170.2,170.20 1 14
github.com/zarldev/goenums/enum/enum.go:177.68,179.51 2 15
github.com/zarldev/goenums/enum/enum.go:179.51,181.3 1 2
github.com/zarldev/goenums/enum/enum.go:183.2,189.24 4 13
github.com/zarldev/goenums/enum/enum.go:189.24,191.19 2 26
github.com/zarldev/goenums/enum/enum.go:191.19,193.4 1 1
github.com/zarldev/goenums/enum/enum.go:195.3,196.17 2 25
github.com/zarldev/goenums/enum/enum.go:196.17,198.4 1 2
github.com/zarldev/goenums/enum/enum.go:200.3,200.17 1 23
github.com/zarldev/goenums/enum/enum.go:200.17,202.4 1 0
github.com/zarldev/goenums/enum/enum.go:204.3,204.47 1 23
github.com/zarldev/goenums/enum/enum.go:204.47,206.4 1 0
github.com/zarldev/goenums/enum/enum.go:208.3,212.18 2 23
github.com/zarldev/goenums/enum/enum.go:212.18,214.4 1 23
github.com/zarldev/goenums/enum/enum.go:216.2,216.24 1 10
github.com/zarldev/goenums/enum/enum.go:227.64,229.32 2 87
github.com/zarldev/goenums/enum/enum.go:230.12,232.17 2 15
github.com/zarldev/goenums/enum/enum.go:232.17,234.4 1 2
github.com/zarldev/goenums/enum/enum.go:235.3,236.10 2 13
github.com/zarldev/goenums/enum/enum.go:236.10,238.4 1 0
github.com/zarldev/goenums/enum/enum.go:239.3,239.16 1 13
github.com/zarldev/goenums/enum/enum.go:240.15,242.17 2 13
github.com/zarldev/goenums/enum/enum.go:242.17,244.4 1 2
github.com/zarldev/goenums/enum/enum.go:245.3,246.10 2 11
github.com/zarldev/goenums/enum/enum.go:246.10,248.4 1 0
github.com/zarldev/goenums/enum/enum.go:249.3,249.16 1 11
github.com/zarldev/goenums/enum/enum.go:250.15,252.17 2 2
github.com/zarldev/goenums/enum/enum.go:252.17,254.4 1 1
github.com/zarldev/goenums/enum/enum.go:255.3,256.10 2 1
github.com/zarldev/goenums/enum/enum.go:256.10,258.4 1 0
github.com/zarldev/goenums/enum/enum.go:259.3,259.16 1 1
github.com/zarldev/goenums/enum/enum.go:260.11,262.17 2 19
github.com/zarldev/goenums/enum/enum.go:262.17,264.4 1 4
github.com/zarldev/goenums/enum/enum.go:265.3,266.10 2 15
github.com/zarldev/goenums/enum/enum.go:266.10,268.4 1 0
github.com/zarldev/goenums/enum/enum.go:269.3,269.16 1 15
github.com/zarldev/goenums/enum/enum.go:270.13,272.17 2 1
github.com/zarldev/goenums/enum/enum.go:272.17,274.4 1 0
github.com/zarldev/goenums/enum/enum.go:275.3,276.10 2 1
github.com/zarldev/goenums/enum/enum.go:276.10,278.4 1 0
github.com/zarldev/goenums/enum/enum.go:279.3,279.16 1 1
github.com/zarldev/goenums/enum/enum.go:280.13,282.17 2 1
github.com/zarldev/goenums/enum/enum.go:282.17,284.4 1 0
github.com/zarldev/goenums/enum/enum.go:285.3,286.10 2 1
github.com/zarldev/goenums/enum/enum.go:286.10,288.4 1 0
github.com/zarldev/goenums/enum/enum.go:289.3,289.16 1 1
github.com/zarldev/goenums/enum/enum.go:290.13,292.17 2 1
github.com/zarldev/goenums/enum/enum.go:292.17,294.4 1 0
github.com/zarldev/goenums/enum/enum.go:295.3,296.10 2 1
github.com/zarldev/goenums/enum/enum.go:296.10,298.4 1 0
github.com/zarldev/goenums/enum/enum.go:299.3,299.16 1 1
github.com/zarldev/goenums/enum/enum.go:300.12,302.17 2 1
github.com/zarldev/goenums/enum/enum.go:302.17,304.4 1 0
github.com/zarldev/goenums/enum/enum.go:305.3,306.10 2 1
github.com/zarldev/goenums/enum/enum.go:306.10,308.4 1 0
github.com/zarldev/goenums/enum/enum.go:309.3,309.16 1 1
github.com/zarldev/goenums/enum/enum.go:310.12,312.17 2 2
github.com/zarldev/goenums/enum/enum.go:312.17,314.4 1 1
github.com/zarldev/goenums/enum/enum.go:315.3,316.10 2 1
github.com/zarldev/goenums/enum/enum.go:316.10,318.4 1 0
github.com/zarldev/goenums/enum/enum.go:319.3,319.16 1 1
github.com/zarldev/goenums/enum/enum.go:320.14,322.17 2 1
github.com/zarldev/goenums/enum/enum.go:322.17,324.4 1 0
github.com/zarldev/goenums/enum/enum.go:325.3,326.10 2 1
github.com/zarldev/goenums/enum/enum.go:326.10,328.4 1 0
github.com/zarldev/goenums/enum/enum.go:329.3,329.16 1 1
github.com/zarldev/goenums/enum/enum.go:330.14,332.17 2 1
github.com/zarldev/goenums/enum/enum.go:332.17,334.4 1 0
github.com/zarldev/goenums/enum/enum.go:335.3,336.10 2 1
github.com/zarldev/goenums/enum/enum.go:336.10,338.4 1 0
github.com/zarldev/goenums/enum/enum.go:339.3,339.16 1 1
github.com/zarldev/goenums/enum/enum.go:340.14,342.17 2 1
github.com/zarldev/goenums/enum/enum.go:342.17,344.4 1 0
github.com/zarldev/goenums/enum/enum.go:345.3,346.10 2 1
github.com/zarldev/goenums/enum/enum.go:346.10,348.4 1 0
github.com/zarldev/goenums/enum/enum.go:349.3,349.16 1 1
github.com/zarldev/goenums/enum/enum.go:350.13,352.17 2 1
github.com/zarldev/goenums/enum/enum.go:352.17,354.4 1 0
github.com/zarldev/goenums/enum/enum.go:355.3,356.10 2 1
github.com/zarldev/goenums/enum/enum.go:356.10,358.4 1 0
github.com/zarldev/goenums/enum/enum.go:359.3,359.16 1 1
github.com/zarldev/goenums/enum/enum.go:360.14,361.75 1 16
github.com/zarldev/goenums/enum/enum.go:361.75,363.11 2 5
github.com/zarldev/goenums/enum/enum.go:363.11,365.5 1 0
github.com/zarldev/goenums/enum/enum.go:366.4,366.17 1 5
github.com/zarldev/goenums/enum/enum.go:368.3,369.10 2 11
github.com/zarldev/goenums/enum/enum.go:369.10,371.4 1 0
github.com/zarldev/goenums/enum/enum.go:372.3,372.16 1 11
github.com/zarldev/goenums/enum/enum.go:373.17,375.17 2 2
github.com/zarldev/goenums/enum/enum.go:375.17,377.4 1 1
github.com/zarldev/goenums/enum/enum.go:378.3,379.10 2 1
github.com/zarldev/goenums/enum/enum.go:379.10,381.4 1 0
github.com/zarldev/goenums/enum/enum.go:382.3,382.16 1 1
github.com/zarldev/goenums/enum/enum.go:383.21,385.17 2 9
github.com/zarldev/goenums/enum/enum.go:385.17,387.4 1 2
github.com/zarldev/goenums/enum/enum.go:388.3,389.10 2 7
github.com/zarldev/goenums/enum/enum.go:389.10,391.4 1 0
github.com/zarldev/goenums/enum/enum.go:392.3,392.16 1 7
github.com/zarldev/goenums/enum/enum.go:393.10,394.71 1 1
github.com/zarldev/goenums/enum/enum.go:398.52,400.37 2 6
github.com/zarldev/goenums/enum/enum.go:400.37,402.3 1 5
github.com/zarldev/goenums/enum/enum.go:403.2,404.37 2 6
github.com/zarldev/goenums/enum/enum.go:404.37,405.41 1 5
github.com/zarldev/goenums/enum/enum.go:405.41,407.34 2 8
github.com/zarldev/goenums/enum/enum.go:407.34,409.5 1 6
github.com/zarldev/goenums/enum/enum.go:412.2,413.32 2 6
github.com/zarldev/goenums/enum/enum.go:416.62,420.19 4 13
github.com/zarldev/goenums/enum/enum.go:420.19,422.3 1 2
github.com/zarldev/goenums/enum/enum.go:423.2,424.32 2 11
github.com/zarldev/goenums/enum/enum.go:424.32,431.18 5 18
github.com/zarldev/goenums/enum/enum.go:431.18,433.22 2 10
github.com/zarldev/goenums/enum/enum.go:433.22,436.5 2 8
github.com/zarldev/goenums/enum/enum.go:436.10,438.5 1 2
github.com/zarldev/goenums/enum/enum.go:439.4,443.12 2 10
github.com/zarldev/goenums/enum/enum.go:446.3,447.15 2 8
github.com/zarldev/goenums/enum/enum.go:447.15,448.12 1 0
github.com/zarldev/goenums/enum/enum.go:450.3,451.15 2 8
github.com/zarldev/goenums/enum/enum.go:451.15,452.12 1 0
github.com/zarldev/goenums/enum/enum.go:454.3,461.5 5 8
github.com/zarldev/goenums/enum/enum.go:463.2,463.29 1 11
github.com/zarldev/goenums/enum/enum.go:466.48,469.34 3 23
github.com/zarldev/goenums/enum/enum.go:469.34,472.3 2 6
github.com/zarldev/goenums/enum/enum.go:472.8,472.41 1 17
github.com/zarldev/goenums/enum/enum.go:472.41,475.3 2 5
github.com/zarldev/goenums/enum/enum.go:476.2,476.21 1 23
github.com/zarldev/goenums/enum/enum.go:479.36,481.11 2 42
github.com/zarldev/goenums/enum/enum.go:482.14,483.15 1 1
github.com/zarldev/goenums/enum/enum.go:484.13,485.11 1 7
github.com/zarldev/goenums/enum/enum.go:486.16,487.12 1 10
github.com/zarldev/goenums/enum/enum.go:488.23,489.26 1 3
github.com/zarldev/goenums/enum/enum.go:490.19,491.21 1 2
github.com/zarldev/goenums/enum/enum.go:492.17,493.13 1 1
github.com/zarldev/goenums/enum/enum.go:494.17,495.22 1 1
github.com/zarldev/goenums/enum/enum.go:496.15,497.18 1 1
github.com/zarldev/goenums/enum/enum.go:498.15,499.18 1 1
github.com/zarldev/goenums/enum/enum.go:500.15,501.18 1 1
github.com/zarldev/goenums/enum/enum.go:502.14,503.17 1 1
github.com/zarldev/goenums/enum/enum.go:504.16,505.19 1 1
github.com/zarldev/goenums/enum/enum.go:506.16,507.19 1 1
github.com/zarldev/goenums/enum/enum.go:508.16,509.19 1 1
github.com/zarldev/goenums/enum/enum.go:510.15,511.18 1 1
github.com/zarldev/goenums/enum/enum.go:512.14,513.17 1 1
github.com/zarldev/goenums/enum/enum.go:514.14,515.17 1 1
github.com/zarldev/goenums/enum/enum.go:516.14,517.17 1 1
github.com/zarldev/goenums/enum/enum.go:518.19,519.22 1 1
github.com/zarldev/goenums/enum/enum.go:520.20,521.23 1 1
github.com/zarldev/goenums/enum/enum.go:522.17,523.20 1 1
github.com/zarldev/goenums/enum/enum.go:524.10,525.13 1 3
github.com/zarldev/goenums/examples/sale/discounttypes_enums.go:85.59,92.2 1 0
github.com/zarldev/goenums/examples/sale/discounttypes_enums.go:96.62,97.45 1 0
github.com/zarldev/goenums/examples/sale/discounttypes_enums.go:97.45,98.34 1 0
github.com/zarldev/goenums/examples/sale/discounttypes_enums.go:98.34,99.17 1 0
github.com/zarldev/goenums/examples/sale/discounttypes_enums.go:99.17,101.5 1 0
github.com/zarldev/goenums/examples/sale/discounttypes_enums.go:110.57,112.27 2 0
github.com/zarldev/goenums/examples/sale/discounttypes_enums.go:113.20,114.16 1 0
github.com/zarldev/goenums/examples/sale/discounttypes_enums.go:115.14,116.32 1 0
github.com/zarldev/goenums/examples/sale/discounttypes_enums.go:117.20,118.41 1 0
github.com/zarldev/goenums/examples/sale/discounttypes_enums.go:119.14,120.40 1 0
github.com/zarldev/goenums/examples/sale/discounttypes_enums.go:121.11,122.32 1 0
github.com/zarldev/goenums/examples/sale/discounttypes_enums.go:123.12,124.32 1 0
github.com/zarldev/goenums/examples/sale/discounttypes_enums.go:125.13,126.32 1 0
github.com/zarldev/goenums/examples/sale/discounttypes_enums.go:127.13,128.32 1 0
github.com/zarldev/goenums/examples/sale/discounttypes_enums.go:129.13,130.32 1 0
github.com/zarldev/goenums/examples/sale/discounttypes_enums.go:131.12,132.32 1 0
github.com/zarldev/goenums/examples/sale/discounttypes_enums.go:133.13,134.32 1 0
github.com/zarldev/goenums/examples/sale/discounttypes_enums.go:135.14,136.32 1 0
github.com/zarldev/goenums/examples/sale/discounttypes_enums.go:137.14,138.32 1 0
github.com/zarldev/goenums/examples/sale/discounttypes_enums.go:139.14,140.32 1 0
github.com/zarldev/goenums/examples/sale/discounttypes_enums.go:141.15,142.32 1 0
github.com/zarldev/goenums/examples/sale/discounttypes_enums.go:143.15,144.32 1 0
github.com/zarldev/goenums/examples/sale/discounttypes_enums.go:145.10,146.51 1 0
github.com/zarldev/goenums/examples/sale/discounttypes_enums.go:148.2,148.32 1 0
github.com/zarldev/goenums/examples/sale/discounttypes_enums.go:148.32,150.3 1 0
github.com/zarldev/goenums/examples/sale/discounttypes_enums.go:151.2,151.17 1 0
github.com/zarldev/goenums/examples/sale/discounttypes_enums.go:161.50,162.42 1 0
github.com/zarldev/goenums/examples/sale/discounttypes_enums.go:162.42,164.3 1 0
github.com/zarldev/goenums/examples/sale/discounttypes_enums.go:165.2,165.28 1 0
github.com/zarldev/goenums/examples/sale/discounttypes_enums.go:171.90,173.24 2 0
github.com/zarldev/goenums/examples/sale/discounttypes_enums.go:173.24,175.3 1 0
github.com/zarldev/goenums/examples/sale/discounttypes_enums.go:176.2,177.49 2 0
github.com/zarldev/goenums/examples/sale/discounttypes_enums.go:177.49,179.3 1 0
github.com/zarldev/goenums/examples/sale/discounttypes_enums.go:180.2,180.38 1 0
github.com/zarldev/goenums/examples/sale/discounttypes_enums.go:185.52,186.45 1 0
github.com/zarldev/goenums/examples/sale/discounttypes_enums.go:186.45,188.3 1 0
github.com/zarldev/goenums/examples/sale/discounttypes_enums.go:201.38,203.2 1 0
github.com/zarldev/goenums/examples/sale/discounttypes_enums.go:207.53,209.2 1 0
github.com/zarldev/goenums/examples/sale/discounttypes_enums.go:214.54,217.16 3 0
github.com/zarldev/goenums/examples/sale/discounttypes_enums.go:217.16,219.3 1 0
github.com/zarldev/goenums/examples/sale/discounttypes_enums.go:220.2,221.12 2 0
github.com/zarldev/goenums/examples/sale/discounttypes_enums.go:226.53,228.2 1 0
github.com/zarldev/goenums/examples/sale/discounttypes_enums.go:233.54,235.16 2 0
github.com/zarldev/goenums/examples/sale/discounttypes_enums.go:235.16,237.3 1 0
github.com/zarldev/goenums/examples/sale/discounttypes_enums.go:238.2,239.12 2 0
github.com/zarldev/goenums/examples/sale/discounttypes_enums.go:245.46,247.16 2 0
github.com/zarldev/goenums/examples/sale/discounttypes_enums.go:247.16,249.3 1 0
github.com/zarldev/goenums/examples/sale/discounttypes_enums.go:250.2,251.12 2 0
github.com/zarldev/goenums/examples/sale/discounttypes_enums.go:256.53,258.2 1 0
github.com/zarldev/goenums/examples/sale/discounttypes_enums.go:262.55,264.2 1 0
github.com/zarldev/goenums/examples/sale/discounttypes_enums.go:269.56,271.16 2 0
github.com/zarldev/goenums/examples/sale/discounttypes_enums.go:271.16,273.3 1 0
github.com/zarldev/goenums/examples/sale/discounttypes_enums.go:274.2,275.12 2 0
github.com/zarldev/goenums/examples/sale/discounttypes_enums.go:281.50,283.2 1 0
github.com/zarldev/goenums/examples/sale/discounttypes_enums.go:288.84,289.9 1 0
github.com/zarldev/goenums/examples/sale/discounttypes_enums.go:290.20,291.19 1 0
github.com/zarldev/goenums/examples/sale/discounttypes_enums.go:292.10,292.10 0 0
github.com/zarldev/goenums/examples/sale/discounttypes_enums.go:294.2,294.22 1 0
github.com/zarldev/goenums/examples/sale/discounttypes_enums.go:311.39,312.45 1 0
github.com/zarldev/goenums/examples/sale/discounttypes_enums.go:312.45,314.3 1 0
github.com/zarldev/goenums/examples/sale/discounttypes_enums.go:315.2,315.58 1 0
github.com/zarldev/goenums/examples/salesimple/discounttypes_enums.go:85.59,92.2 1 0
github.com/zarldev/goenums/examples/salesimple/discounttypes_enums.go:96.62,97.45 1 0
github.com/zarldev/goenums/examples/salesimple/discounttypes_enums.go:97.45,98.34 1 0
github.com/zarldev/goenums/examples/salesimple/discounttypes_enums.go:98.34,99.17 1 0
github.com/zarldev/goenums/examples/salesimple/discounttypes_enums.go:99.17,101.5 1 0
github.com/zarldev/goenums/examples/salesimple/discounttypes_enums.go:110.57,112.27 2 0
github.com/zarldev/goenums/examples/salesimple/discounttypes_enums.go:113.20,114.16 1 0
github.com/zarldev/goenums/examples/salesimple/discounttypes_enums.go:115.14,116.32 1 0
github.com/zarldev/goenums/examples/salesimple/discounttypes_enums.go:117.20,118.41 1 0
github.com/zarldev/goenums/examples/salesimple/discounttypes_enums.go:119.14,120.40 1 0
github.com/zarldev/goenums/examples/salesimple/discounttypes_enums.go:121.11,122.32 1 0
github.com/zarldev/goenums/examples/salesimple/discounttypes_enums.go:123.12,124.32 1 0
github.com/zarldev/goenums/examples/salesimple/discounttypes_enums.go:125.13,126.32 1 0
github.com/zarldev/goenums/examples/salesimple/discounttypes_enums.go:127.13,128.32 1 0
github.com/zarldev/goenums/examples/salesimple/discounttypes_enums.go:129.13,130.32 1 0
github.com/zarldev/goenums/examples/salesimple/discounttypes_enums.go:131.12,132.32 1 0
github.com/zarldev/goenums/examples/salesimple/discounttypes_enums.go:133.13,134.32 1 0
github.com/zarldev/goenums/examples/salesimple/discounttypes_enums.go:135.14,136.32 1 0
github.com/zarldev/goenums/examples/salesimple/discounttypes_enums.go:137.14,138.32 1 0
github.com/zarldev/goenums/examples/salesimple/discounttypes_enums.go:139.14,140.32 1 0
github.com/zarldev/goenums/examples/salesimple/discounttypes_enums.go:141.15,142.32 1 0
github.com/zarldev/goenums/examples/salesimple/discounttypes_enums.go:143.15,144.32 1 0
github.com/zarldev/goenums/examples/salesimple/discounttypes_enums.go:145.10,146.51 1 0
github.com/zarldev/goenums/examples/salesimple/discounttypes_enums.go:148.2,148.32 1 0
github.com/zarldev/goenums/examples/salesimple/discounttypes_enums.go:148.32,150.3 1 0
github.com/zarldev/goenums/examples/salesimple/discounttypes_enums.go:151.2,151.17 1 0
github.com/zarldev/goenums/examples/salesimple/discounttypes_enums.go:161.50,162.42 1 0
github.com/zarldev/goenums/examples/salesimple/discounttypes_enums.go:162.42,164.3 1 0
github.com/zarldev/goenums/examples/salesimple/discounttypes_enums.go:165.2,165.28 1 0
github.com/zarldev/goenums/examples/salesimple/discounttypes_enums.go:171.90,173.24 2 0
github.com/zarldev/goenums/examples/salesimple/discounttypes_enums.go:173.24,175.3 1 0
github.com/zarldev/goenums/examples/salesimple/discounttypes_enums.go:176.2,177.49 2 0
github.com/zarldev/goenums/examples/salesimple/discounttypes_enums.go:177.49,179.3 1 0
github.com/zarldev/goenums/examples/salesimple/discounttypes_enums.go:180.2,180.38 1 0
github.com/zarldev/goenums/examples/salesimple/discounttypes_enums.go:185.52,186.45 1 0
github.com/zarldev/goenums/examples/salesimple/discounttypes_enums.go:186.45,188.3 1 0
github.com/zarldev/goenums/examples/salesimple/discounttypes_enums.go:201.38,203.2 1 0
github.com/zarldev/goenums/examples/salesimple/discounttypes_enums.go:207.53,209.2 1 0
github.com/zarldev/goenums/examples/salesimple/discounttypes_enums.go:214.54,217.16 3 0
github.com/zarldev/goenums/examples/salesimple/discounttypes_enums.go:217.16,219.3 1 0
github.com/zarldev/goenums/examples/salesimple/discounttypes_enums.go:220.2,221.12 2 0
github.com/zarldev/goenums/examples/salesimple/discounttypes_enums.go:226.53,228.2 1 0
github.com/zarldev/goenums/examples/salesimple/discounttypes_enums.go:233.54,235.16 2 0
github.com/zarldev/goenums/examples/salesimple/discounttypes_enums.go:235.16,237.3 1 0
github.com/zarldev/goenums/examples/salesimple/discounttypes_enums.go:238.2,239.12 2 0
github.com/zarldev/goenums/examples/salesimple/discounttypes_enums.go:245.46,247.16 2 0
github.com/zarldev/goenums/examples/salesimple/discounttypes_enums.go:247.16,249.3 1 0
github.com/zarldev/goenums/examples/salesimple/discounttypes_enums.go:250.2,251.12 2 0
github.com/zarldev/goenums/examples/salesimple/discounttypes_enums.go:256.53,258.2 1 0
github.com/zarldev/goenums/examples/salesimple/discounttypes_enums.go:262.55,264.2 1 0
github.com/zarldev/goenums/examples/salesimple/discounttypes_enums.go:269.56,271.16 2 0
github.com/zarldev/goenums/examples/salesimple/discounttypes_enums.go:271.16,273.3 1 0
github.com/zarldev/goenums/examples/salesimple/discounttypes_enums.go:274.2,275.12 2 0
github.com/zarldev/goenums/examples/salesimple/discounttypes_enums.go:281.50,283.2 1 0
github.com/zarldev/goenums/examples/salesimple/discounttypes_enums.go:288.84,289.9 1 0
github.com/zarldev/goenums/examples/salesimple/discounttypes_enums.go:290.20,291.19 1 0
github.com/zarldev/goenums/examples/salesimple/discounttypes_enums.go:292.10,292.10 0 0
github.com/zarldev/goenums/examples/salesimple/discounttypes_enums.go:294.2,294.22 1 0
github.com/zarldev/goenums/examples/salesimple/discounttypes_enums.go:311.39,312.44 1 0
github.com/zarldev/goenums/examples/salesimple/discounttypes_enums.go:312.44,314.3 1 0
github.com/zarldev/goenums/examples/salesimple/discounttypes_enums.go:315.2,315.56 1 0
github.com/zarldev/goenums/examples/solarsystem/planets_enums.go:148.47,159.2 1 0
github.com/zarldev/goenums/examples/solarsystem/planets_enums.go:163.50,164.39 1 0
github.com/zarldev/goenums/examples/solarsystem/planets_enums.go:164.39,165.34 1 0
github.com/zarldev/goenums/examples/solarsystem/planets_enums.go:165.34,166.17 1 0
github.com/zarldev/goenums/examples/solarsystem/planets_enums.go:166.17,168.5 1 0
github.com/zarldev/goenums/examples/solarsystem/planets_enums.go:177.45,179.27 2 0
github.com/zarldev/goenums/examples/solarsystem/planets_enums.go:180.14,181.16 1 0
github.com/zarldev/goenums/examples/solarsystem/planets_enums.go:182.14,183.26 1 0
github.com/zarldev/goenums/examples/solarsystem/planets_enums.go:184.20,185.35 1 0
github.com/zarldev/goenums/examples/solarsystem/planets_enums.go:186.14,187.34 1 0
github.com/zarldev/goenums/examples/solarsystem/planets_enums.go:188.11,189.26 1 0
github.com/zarldev/goenums/examples/solarsystem/planets_enums.go:190.12,191.26 1 0
github.com/zarldev/goenums/examples/solarsystem/planets_enums.go:192.13,193.26 1 0
github.com/zarldev/goenums/examples/solarsystem/planets_enums.go:194.13,195.26 1 0
github.com/zarldev/goenums/examples/solarsystem/planets_enums.go:196.13,197.26 1 0
github.com/zarldev/goenums/examples/solarsystem/planets_enums.go:198.12,199.26 1 0
github.com/zarldev/goenums/examples/solarsystem/planets_enums.go:200.13,201.26 1 0
github.com/zarldev/goenums/examples/solarsystem/planets_enums.go:202.14,203.26 1 0
github.com/zarldev/goenums/examples/solarsystem/planets_enums.go:204.14,205.26 1 0
github.com/zarldev/goenums/examples/solarsystem/planets_enums.go:206.14,207.26 1 0
github.com/zarldev/goenums/examples/solarsystem/planets_enums.go:208.15,209.26 1 0
github.com/zarldev/goenums/examples/solarsystem/planets_enums.go:210.15,211.26 1 0
github.com/zarldev/goenums/examples/solarsystem/planets_enums.go:212.10,213.51 1 0
github.com/zarldev/goenums/examples/solarsystem/planets_enums.go:215.2,215.17 1 0
github.com/zarldev/goenums/examples/solarsystem/planets_enums.go:234.38,235.36 1 0
github.com/zarldev/goenums/examples/solarsystem/planets_enums.go:235.36,237.3 1 0
github.com/zarldev/goenums/examples/solarsystem/planets_enums.go:238.2,238.22 1 0
github.com/zarldev/goenums/examples/solarsystem/planets_enums.go:244.78,246.24 2 0
github.com/zarldev/goenums/examples/solarsystem/planets_enums.go:246.24,248.3 1 0
github.com/zarldev/goenums/examples/solarsystem/planets_enums.go:249.2,250.43 2 0
github.com/zarldev/goenums/examples/solarsystem/planets_enums.go:250.43,252.3 1 0
github.com/zarldev/goenums/examples/solarsystem/planets_enums.go:253.2,253.30 1 0
github.com/zarldev/goenums/examples/solarsystem/planets_enums.go:258.40,259.39 1 0
github.com/zarldev/goenums/examples/solarsystem/planets_enums.go:259.39,261.3 1 0
github.com/zarldev/goenums/examples/solarsystem/planets_enums.go:278.32,280.2 1 0
github.com/zarldev/goenums/examples/solarsystem/planets_enums.go:284.47,286.2 1 0
github.com/zarldev/goenums/examples/solarsystem/planets_enums.go:291.48,294.16 3 0
github.com/zarldev/goenums/examples/solarsystem/planets_enums.go:294.16,296.3 1 0
github.com/zarldev/goenums/examples/solarsystem/planets_enums.go:297.2,298.12 2 0
github.com/zarldev/goenums/examples/solarsystem/planets_enums.go:303.47,305.2 1 0
github.com/zarldev/goenums/examples/solarsystem/planets_enums.go:310.48,312.16 2 0
github.com/zarldev/goenums/examples/solarsystem/planets_enums.go:312.16,314.3 1 0
github.com/zarldev/goenums/examples/solarsystem/planets_enums.go:315.2,316.12 2 0
github.com/zarldev/goenums/examples/solarsystem/planets_enums.go:322.40,324.16 2 0
github.com/zarldev/goenums/examples/solarsystem/planets_enums.go:324.16,326.3 1 0
github.com/zarldev/goenums/examples/solarsystem/planets_enums.go:327.2,328.12 2 0
github.com/zarldev/goenums/examples/solarsystem/planets_enums.go:333.47,335.2 1 0
github.com/zarldev/goenums/examples/solarsystem/planets_enums.go:339.49,341.2 1 0
github.com/zarldev/goenums/examples/solarsystem/planets_enums.go:346.50,348.16 2 0
github.com/zarldev/goenums/examples/solarsystem/planets_enums.go:348.16,350.3 1 0
github.com/zarldev/goenums/examples/solarsystem/planets_enums.go:351.2,352.12 2 0
github.com/zarldev/goenums/examples/solarsystem/planets_enums.go:358.44,360.2 1 0
github.com/zarldev/goenums/examples/solarsystem/planets_enums.go:365.78,366.9 1 0
github.com/zarldev/goenums/examples/solarsystem/planets_enums.go:367.20,368.19 1 0
github.com/zarldev/goenums/examples/solarsystem/planets_enums.go:369.10,369.10 0 0
github.com/zarldev/goenums/examples/solarsystem/planets_enums.go:371.2,371.22 1 0
github.com/zarldev/goenums/examples/solarsystem/planets_enums.go:392.33,393.38 1 0
github.com/zarldev/goenums/examples/solarsystem/planets_enums.go:393.38,395.3 1 0
github.com/zarldev/goenums/examples/solarsystem/planets_enums.go:396.2,396.44 1 0
github.com/zarldev/goenums/examples/solarsystemsimple/planets_enums.go:85.47,96.2 1 0
github.com/zarldev/goenums/examples/solarsystemsimple/planets_enums.go:100.50,101.39 1 0
github.com/zarldev/goenums/examples/solarsystemsimple/planets_enums.go:101.39,102.34 1 0
github.com/zarldev/goenums/examples/solarsystemsimple/planets_enums.go:102.34,103.17 1 0
github.com/zarldev/goenums/examples/solarsystemsimple/planets_enums.go:103.17,105.5 1 0
github.com/zarldev/goenums/examples/solarsystemsimple/planets_enums.go:114.45,116.27 2 0
github.com/zarldev/goenums/examples/solarsystemsimple/planets_enums.go:117.14,118.16 1 0
github.com/zarldev/goenums/examples/solarsystemsimple/planets_enums.go:119.14,120.26 1 0
github.com/zarldev/goenums/examples/solarsystemsimple/planets_enums.go:121.20,122.35 1 0
github.com/zarldev/goenums/examples/solarsystemsimple/planets_enums.go:123.14,124.34 1 0
github.com/zarldev/goenums/examples/solarsystemsimple/planets_enums.go:125.11,126.26 1 0
github.com/zarldev/goenums/examples/solarsystemsimple/planets_enums.go:127.12,128.26 1 0
github.com/zarldev/goenums/examples/solarsystemsimple/planets_enums.go:129.13,130.26 1 0
github.com/zarldev/goenums/examples/solarsystemsimple/planets_enums.go:131.13,132.26 1 0
github.com/zarldev/goenums/examples/solarsystemsimple/planets_enums.go:133.13,134.26 1 0
github.com/zarldev/goenums/examples/solarsystemsimple/planets_enums.go:135.12,136.26 1 0
github.com/zarldev/goenums/examples/solarsystemsimple/planets_enums.go:137.13,138.26 1 0
github.com/zarldev/goenums/examples/solarsystemsimple/planets_enums.go:139.14,140.26 1 0
github.com/zarldev/goenums/examples/solarsystemsimple/planets_enums.go:141.14,142.26 1 0
github.com/zarldev/goenums/examples/solarsystemsimple/planets_enums.go:143.14,144.26 1 0
github.com/zarldev/goenums/examples/solarsystemsimple/planets_enums.go:145.15,146.26 1 0
github.com/zarldev/goenums/examples/solarsystemsimple/planets_enums.go:147.15,148.26 1 0
github.com/zarldev/goenums/examples/solarsystemsimple/planets_enums.go:149.10,150.51 1 0
github.com/zarldev/goenums/examples/solarsystemsimple/planets_enums.go:152.2,152.17 1 0
github.com/zarldev/goenums/examples/solarsystemsimple/planets_enums.go:171.38,172.36 1 0
github.com/zarldev/goenums/examples/solarsystemsimple/planets_enums.go:172.36,174.3 1 0
github.com/zarldev/goenums/examples/solarsystemsimple/planets_enums.go:175.2,175.22 1 0
github.com/zarldev/goenums/examples/solarsystemsimple/planets_enums.go:181.78,183.24 2 0
github.com/zarldev/goenums/examples/solarsystemsimple/planets_enums.go:183.24,185.3 1 0
github.com/zarldev/goenums/examples/solarsystemsimple/planets_enums.go:186.2,187.43 2 0
github.com/zarldev/goenums/examples/solarsystemsimple/planets_enums.go:187.43,189.3 1 0
github.com/zarldev/goenums/examples/solarsystemsimple/planets_enums.go:190.2,190.30 1 0
github.com/zarldev/goenums/examples/solarsystemsimple/planets_enums.go:195.40,196.39 1 0
github.com/zarldev/goenums/examples/solarsystemsimple/planets_enums.go:196.39,198.3 1 0
github.com/zarldev/goenums/examples/solarsystemsimple/planets_enums.go:215.32,217.2 1 0
github.com/zarldev/goenums/examples/solarsystemsimple/planets_enums.go:221.47,223.2 1 0
github.com/zarldev/goenums/examples/solarsystemsimple/planets_enums.go:228.48,231.16 3 0
github.com/zarldev/goenums/examples/solarsystemsimple/planets_enums.go:231.16,233.3 1 0
github.com/zarldev/goenums/examples/solarsystemsimple/planets_enums.go:234.2,235.12 2 0
github.com/zarldev/goenums/examples/solarsystemsimple/planets_enums.go:240.47,242.2 1 0
github.com/zarldev/goenums/examples/solarsystemsimple/planets_enums.go:247.48,249.16 2 0
github.com/zarldev/goenums/examples/solarsystemsimple/planets_enums.go:249.16,251.3 1 0
github.com/zarldev/goenums/examples/solarsystemsimple/planets_enums.go:252.2,253.12 2 0
github.com/zarldev/goenums/examples/solarsystemsimple/planets_enums.go:259.40,261.16 2 0
github.com/zarldev/goenums/examples/solarsystemsimple/planets_enums.go:261.16,263.3 1 0
github.com/zarldev/goenums/examples/solarsystemsimple/planets_enums.go:264.2,265.12 2 0
github.com/zarldev/goenums/examples/solarsystemsimple/planets_enums.go:270.47,272.2 1 0
github.com/zarldev/goenums/examples/solarsystemsimple/planets_enums.go:276.49,278.2 1 0
github.com/zarldev/goenums/examples/solarsystemsimple/planets_enums.go:283.50,285.16 2 0
github.com/zarldev/goenums/examples/solarsystemsimple/planets_enums.go:285.16,287.3 1 0
github.com/zarldev/goenums/examples/solarsystemsimple/planets_enums.go:288.2,289.12 2 0
github.com/zarldev/goenums/examples/solarsystemsimple/planets_enums.go:295.44,297.2 1 0
github.com/zarldev/goenums/examples/solarsystemsimple/planets_enums.go:302.78,303.9 1 0
github.com/zarldev/goenums/examples/solarsystemsimple/planets_enums.go:304.20,305.19 1 0
github.com/zarldev/goenums/examples/solarsystemsimple/planets_enums.go:306.10,306.10 0 0
github.com/zarldev/goenums/examples/solarsystemsimple/planets_enums.go:308.2,308.22 1 0
github.com/zarldev/goenums/examples/solarsystemsimple/planets_enums.go:329.33,330.38 1 0
github.com/zarldev/goenums/examples/solarsystemsimple/planets_enums.go:330.38,332.3 1 0
github.com/zarldev/goenums/examples/solarsystemsimple/planets_enums.go:333.2,333.44 1 0
github.com/zarldev/goenums/examples/validation/statuses_enums.go:67.46,76.2 1 0
github.com/zarldev/goenums/examples/validation/statuses_enums.go:80.49,81.39 1 0
github.com/zarldev/goenums/examples/validation/statuses_enums.go:81.39,82.34 1 0
github.com/zarldev/goenums/examples/validation/statuses_enums.go:82.34,83.17 1 0
github.com/zarldev/goenums/examples/validation/statuses_enums.go:83.17,85.5 1 0
github.com/zarldev/goenums/examples/validation/statuses_enums.go:94.45,96.27 2 0
github.com/zarldev/goenums/examples/validation/statuses_enums.go:97.14,98.16 1 0
github.com/zarldev/goenums/examples/validation/statuses_enums.go:99.14,100.26 1 0
github.com/zarldev/goenums/examples/validation/statuses_enums.go:101.20,102.35 1 0
github.com/zarldev/goenums/examples/validation/statuses_enums.go:103.14,104.34 1 0
github.com/zarldev/goenums/examples/validation/statuses_enums.go:105.11,106.26 1 0
github.com/zarldev/goenums/examples/validation/statuses_enums.go:107.12,108.26 1 0
github.com/zarldev/goenums/examples/validation/statuses_enums.go:109.13,110.26 1 0
github.com/zarldev/goenums/examples/validation/statuses_enums.go:111.13,112.26 1 0
github.com/zarldev/goenums/examples/validation/statuses_enums.go:113.13,114.26 1 0
github.com/zarldev/goenums/examples/validation/statuses_enums.go:115.12,116.26 1 0
github.com/zarldev/goenums/examples/validation/statuses_enums.go:117.13,118.26 1 0
github.com/zarldev/goenums/examples/validation/statuses_enums.go:119.14,120.26 1 0
github.com/zarldev/goenums/examples/validation/statuses_enums.go:121.14,122.26 1 0
github.com/zarldev/goenums/examples/validation/statuses_enums.go:123.14,124.26 1 0
github.com/zarldev/goenums/examples/validation/statuses_enums.go:125.15,126.26 1 0
github.com/zarldev/goenums/examples/validation/statuses_enums.go:127.15,128.26 1 0
github.com/zarldev/goenums/examples/validation/statuses_enums.go:129.10,130.51 1 0
github.com/zarldev/goenums/examples/validation/statuses_enums.go:132.2,132.17 1 0
github.com/zarldev/goenums/examples/validation/statuses_enums.go:149.38,150.35 1 0
github.com/zarldev/goenums/examples/validation/statuses_enums.go:150.35,152.3 1 0
github.com/zarldev/goenums/examples/validation/statuses_enums.go:153.2,153.22 1 0
github.com/zarldev/goenums/examples/validation/statuses_enums.go:159.78,161.24 2 0
github.com/zarldev/goenums/examples/validation/statuses_enums.go:161.24,163.3 1 0
github.com/zarldev/goenums/examples/validation/statuses_enums.go:164.2,165.44 2 0
github.com/zarldev/goenums/examples/validation/statuses_enums.go:165.44,167.3 1 0
github.com/zarldev/goenums/examples/validation/statuses_enums.go:168.2,168.31 1 0
github.com/zarldev/goenums/examples/validation/statuses_enums.go:173.41,174.40 1 0
github.com/zarldev/goenums/examples/validation/statuses_enums.go:174.40,176.3 1 0
github.com/zarldev/goenums/examples/validation/statuses_enums.go:191.32,193.2 1 0
github.com/zarldev/goenums/examples/validation/statuses_enums.go:197.47,199.2 1 0
github.com/zarldev/goenums/examples/validation/statuses_enums.go:204.48,207.16 3 0
github.com/zarldev/goenums/examples/validation/statuses_enums.go:207.16,209.3 1 0
github.com/zarldev/goenums/examples/validation/statuses_enums.go:210.2,211.12 2 0
github.com/zarldev/goenums/examples/validation/statuses_enums.go:216.47,218.2 1 0
github.com/zarldev/goenums/examples/validation/statuses_enums.go:223.48,225.16 2 0
github.com/zarldev/goenums/examples/validation/statuses_enums.go:225.16,227.3 1 0
github.com/zarldev/goenums/examples/validation/statuses_enums.go:228.2,229.12 2 0
github.com/zarldev/goenums/examples/validation/statuses_enums.go:235.40,237.16 2 0
github.com/zarldev/goenums/examples/validation/statuses_enums.go:237.16,239.3 1 0
github.com/zarldev/goenums/examples/validation/statuses_enums.go:240.2,241.12 2 0
github.com/zarldev/goenums/examples/validation/statuses_enums.go:246.47,248.2 1 0
github.com/zarldev/goenums/examples/validation/statuses_enums.go:252.49,254.2 1 0
github.com/zarldev/goenums/examples/validation/statuses_enums.go:259.50,261.16 2 0
github.com/zarldev/goenums/examples/validation/statuses_enums.go:261.16,263.3 1 0
github.com/zarldev/goenums/examples/validation/statuses_enums.go:264.2,265.12 2 0
github.com/zarldev/goenums/examples/validation/statuses_enums.go:271.44,273.2 1 0
github.com/zarldev/goenums/examples/validation/statuses_enums.go:278.78,279.9 1 0
github.com/zarldev/goenums/examples/validation/statuses_enums.go:280.20,281.19 1 0
github.com/zarldev/goenums/examples/validation/statuses_enums.go:282.10,282.10 0 0
github.com/zarldev/goenums/examples/validation/statuses_enums.go:284.2,284.22 1 0
github.com/zarldev/goenums/examples/validation/statuses_enums.go:303.33,304.38 1 0
github.com/zarldev/goenums/examples/validation/statuses_enums.go:304.38,306.3 1 0
github.com/zarldev/goenums/examples/validation/statuses_enums.go:307.2,307.44 1 0
github.com/zarldev/goenums/file/file.go:52.145,53.20 1 0
github.com/zarldev/goenums/file/file.go:53.20,55.3 1 0
github.com/zarldev/goenums/file/file.go:56.2,56.22 1 0
github.com/zarldev/goenums/file/file.go:56.22,58.3 1 0
github.com/zarldev/goenums/file/file.go:59.2,59.22 1 0
github.com/zarldev/goenums/file/file.go:59.22,61.3 1 0
github.com/zarldev/goenums/file/file.go:62.2,63.16 2 0
github.com/zarldev/goenums/file/file.go:63.16,65.3 1 0
github.com/zarldev/goenums/file/file.go:66.2,67.37 2 0
github.com/zarldev/goenums/file/file.go:67.37,69.3 1 0
github.com/zarldev/goenums/file/file.go:70.2,70.12 1 0
github.com/zarldev/goenums/file/file.go:70.12,71.23 1 0
github.com/zarldev/goenums/file/file.go:71.23,73.4 1 0
github.com/zarldev/goenums/file/file.go:74.3,74.49 1 0
github.com/zarldev/goenums/file/file.go:74.49,76.4 1 0
github.com/zarldev/goenums/file/file.go:78.2,78.12 1 0
github.com/zarldev/goenums/file/file.go:85.66,87.16 2 0
github.com/zarldev/goenums/file/file.go:87.16,89.3 1 0
github.com/zarldev/goenums/file/file.go:90.2,91.16 2 0
github.com/zarldev/goenums/file/file.go:91.16,93.3 1 0
github.com/zarldev/goenums/file/file.go:94.2,94.55 1 0
github.com/zarldev/goenums/file/file.go:94.55,96.3 1 0
github.com/zarldev/goenums/file/file.go:97.2,97.12 1 0
github.com/zarldev/goenums/file/memfs.go:28.24,32.2 1 0
github.com/zarldev/goenums/file/memfs.go:37.55,40.16 3 0
github.com/zarldev/goenums/file/memfs.go:40.16,42.3 1 0
github.com/zarldev/goenums/file/memfs.go:43.2,43.34 1 0
github.com/zarldev/goenums/file/memfs.go:43.34,45.3 1 0
github.com/zarldev/goenums/file/memfs.go:46.2,46.28 1 0
github.com/zarldev/goenums/file/memfs.go:53.77,54.16 1 0
github.com/zarldev/goenums/file/memfs.go:54.16,56.3 1 0
github.com/zarldev/goenums/file/memfs.go:57.2,60.12 4 0
github.com/zarldev/goenums/file/memfs.go:66.52,69.16 3 0
github.com/zarldev/goenums/file/memfs.go:69.16,71.3 1 0
github.com/zarldev/goenums/file/memfs.go:72.2,72.34 1 0
github.com/zarldev/goenums/file/memfs.go:72.34,78.3 1 0
github.com/zarldev/goenums/file/memfs.go:79.2,79.28 1 0
github.com/zarldev/goenums/file/memfs.go:85.61,86.16 1 0
github.com/zarldev/goenums/file/memfs.go:86.16,88.3 1 0
github.com/zarldev/goenums/file/memfs.go:89.2,96.8 4 0
github.com/zarldev/goenums/file/memfs.go:102.56,105.16 3 0
github.com/zarldev/goenums/file/memfs.go:105.16,107.3 1 0
github.com/zarldev/goenums/file/memfs.go:108.2,109.9 2 0
github.com/zarldev/goenums/file/memfs.go:109.9,111.3 1 0
github.com/zarldev/goenums/file/memfs.go:112.2,115.8 1 0
github.com/zarldev/goenums/file/memfs.go:124.43,124.60 1 0
github.com/zarldev/goenums/file/memfs.go:125.43,125.60 1 0
github.com/zarldev/goenums/file/memfs.go:126.43,126.70 1 0
github.com/zarldev/goenums/file/memfs.go:127.43,127.64 1 0
github.com/zarldev/goenums/file/memfs.go:128.43,128.59 1 0
github.com/zarldev/goenums/file/memfs.go:129.43,129.57 1 0
github.com/zarldev/goenums/file/memfs.go:138.33,138.47 1 0
github.com/zarldev/goenums/file/memfs.go:140.47,141.21 1 0
github.com/zarldev/goenums/file/memfs.go:141.21,143.3 1 0
github.com/zarldev/goenums/file/memfs.go:144.2,147.8 1 0
github.com/zarldev/goenums/file/memfs.go:150.48,151.21 1 0
github.com/zarldev/goenums/file/memfs.go:151.21,153.3 1 0
github.com/zarldev/goenums/file/memfs.go:154.2,154.26 1 0
github.com/zarldev/goenums/file/memfs.go:157.47,158.21 1 0
github.com/zarldev/goenums/file/memfs.go:158.21,160.3 1 0
github.com/zarldev/goenums/file/memfs.go:161.2,161.25 1 0
github.com/zarldev/goenums/file/osfs.go:14.38,16.37 2 0
github.com/zarldev/goenums/file/osfs.go:16.37,18.3 1 0
github.com/zarldev/goenums/file/osfs.go:19.2,19.12 1 0
github.com/zarldev/goenums/file/osfs.go:30.67,31.43 1 0
github.com/zarldev/goenums/file/osfs.go:31.43,33.3 1 0
github.com/zarldev/goenums/file/osfs.go:34.2,34.26 1 0
github.com/zarldev/goenums/file/osfs.go:38.64,39.43 1 0
github.com/zarldev/goenums/file/osfs.go:39.43,41.3 1 0
github.com/zarldev/goenums/file/osfs.go:42.2,42.22 1 0
github.com/zarldev/goenums/file/osfs.go:46.68,48.2 1 0
github.com/zarldev/goenums/file/osfs.go:51.89,53.2 1 0
github.com/zarldev/goenums/file/osfs.go:56.73,57.43 1 0
github.com/zarldev/goenums/file/osfs.go:57.43,59.3 1 0
github.com/zarldev/goenums/file/osfs.go:60.2,60.24 1 0
github.com/zarldev/goenums/generator/generator.go:48.70,49.28 1 0
github.com/zarldev/goenums/generator/generator.go:49.28,51.3 1 0
github.com/zarldev/goenums/generator/generator.go:54.54,55.28 1 0
github.com/zarldev/goenums/generator/generator.go:55.28,57.3 1 0
github.com/zarldev/goenums/generator/generator.go:59.54,60.28 1 0
github.com/zarldev/goenums/generator/generator.go:60.28,62.3 1 0
github.com/zarldev/goenums/generator/generator.go:68.46,74.27 2 0
github.com/zarldev/goenums/generator/generator.go:74.27,76.3 1 0
github.com/zarldev/goenums/generator/generator.go:77.2,77.11 1 0
github.com/zarldev/goenums/generator/generator.go:84.62,85.22 1 0
github.com/zarldev/goenums/generator/generator.go:85.22,87.3 1 0
github.com/zarldev/goenums/generator/generator.go:88.2,89.16 2 0
github.com/zarldev/goenums/generator/generator.go:89.16,91.3 1 0
github.com/zarldev/goenums/generator/generator.go:92.2,92.22 1 0
github.com/zarldev/goenums/generator/generator.go:92.22,94.3 1 0
github.com/zarldev/goenums/generator/generator.go:95.2,95.49 1 0
github.com/zarldev/goenums/generator/generator.go:95.49,97.3 1 0
github.com/zarldev/goenums/generator/generator.go:98.2,98.12 1 0
github.com/zarldev/goenums/generator/config/config.go:50.50,51.23 1 0
github.com/zarldev/goenums/generator/config/config.go:51.23,53.3 1 0
github.com/zarldev/goenums/generator/config/config.go:54.2,60.3 1 0
github.com/zarldev/goenums/generator/gofile/gofile_parser.go:45.50,46.25 1 0
github.com/zarldev/goenums/generator/gofile/gofile_parser.go:46.25,48.3 1 0
github.com/zarldev/goenums/generator/gofile/gofile_parser.go:52.79,53.25 1 0
github.com/zarldev/goenums/generator/gofile/gofile_parser.go:53.25,55.3 1 0
github.com/zarldev/goenums/generator/gofile/gofile_parser.go:60.46,65.27 2 0
github.com/zarldev/goenums/generator/gofile/gofile_parser.go:65.27,67.3 1 0
github.com/zarldev/goenums/generator/gofile/gofile_parser.go:68.2,68.11 1 0
github.com/zarldev/goenums/generator/gofile/gofile_parser.go:74.79,75.15 1 0
github.com/zarldev/goenums/generator/gofile/gofile_parser.go:75.15,76.31 1 0
github.com/zarldev/goenums/generator/gofile/gofile_parser.go:76.31,84.4 1 0
github.com/zarldev/goenums/generator/gofile/gofile_parser.go:86.2,86.23 1 0
github.com/zarldev/goenums/generator/gofile/gofile_parser.go:93.81,94.9 1 0
github.com/zarldev/goenums/generator/gofile/gofile_parser.go:95.20,96.24 1 0
github.com/zarldev/goenums/generator/gofile/gofile_parser.go:97.10,97.10 0 0
github.com/zarldev/goenums/generator/gofile/gofile_parser.go:99.2,100.16 2 0
github.com/zarldev/goenums/generator/gofile/gofile_parser.go:100.16,102.3 1 0
github.com/zarldev/goenums/generator/gofile/gofile_parser.go:103.2,104.16 2 0
github.com/zarldev/goenums/generator/gofile/gofile_parser.go:104.16,106.3 1 0
github.com/zarldev/goenums/generator/gofile/gofile_parser.go:107.2,108.65 2 0
github.com/zarldev/goenums/generator/gofile/gofile_parser.go:111.130,114.37 3 0
github.com/zarldev/goenums/generator/gofile/gofile_parser.go:114.37,128.3 2 0
github.com/zarldev/goenums/generator/gofile/gofile_parser.go:129.2,129.18 1 0
github.com/zarldev/goenums/generator/gofile/gofile_parser.go:132.96,137.40 5 0
github.com/zarldev/goenums/generator/gofile/gofile_parser.go:137.40,140.22 3 0
github.com/zarldev/goenums/generator/gofile/gofile_parser.go:140.22,144.4 1 0
github.com/zarldev/goenums/generator/gofile/gofile_parser.go:145.3,147.29 3 0
github.com/zarldev/goenums/generator/gofile/gofile_parser.go:149.2,149.28 1 0
github.com/zarldev/goenums/generator/gofile/gofile_parser.go:149.28,154.3 2 0
github.com/zarldev/goenums/generator/gofile/gofile_parser.go:155.2,155.33 1 0
github.com/zarldev/goenums/generator/gofile/gofile_parser.go:158.85,160.16 2 0
github.com/zarldev/goenums/generator/gofile/gofile_parser.go:160.16,162.3 1 0
github.com/zarldev/goenums/generator/gofile/gofile_parser.go:163.2,166.34 4 0
github.com/zarldev/goenums/generator/gofile/gofile_parser.go:166.34,168.3 1 0
github.com/zarldev/goenums/generator/gofile/gofile_parser.go:169.2,171.16 3 0
github.com/zarldev/goenums/generator/gofile/gofile_parser.go:171.16,173.3 1 0
github.com/zarldev/goenums/generator/gofile/gofile_parser.go:174.2,174.28 1 0
github.com/zarldev/goenums/generator/gofile/gofile_parser.go:177.56,179.22 2 0
github.com/zarldev/goenums/generator/gofile/gofile_parser.go:179.22,181.3 1 0
github.com/zarldev/goenums/generator/gofile/gofile_parser.go:182.2,182.20 1 0
github.com/zarldev/goenums/generator/gofile/gofile_parser.go:185.80,188.34 3 0
github.com/zarldev/goenums/generator/gofile/gofile_parser.go:188.34,190.10 2 0
github.com/zarldev/goenums/generator/gofile/gofile_parser.go:190.10,191.12 1 0
github.com/zarldev/goenums/generator/gofile/gofile_parser.go:193.3,194.32 2 0
github.com/zarldev/goenums/generator/gofile/gofile_parser.go:194.32,196.11 2 0
github.com/zarldev/goenums/generator/gofile/gofile_parser.go:196.11,197.13 1 0
github.com/zarldev/goenums/generator/gofile/gofile_parser.go:199.4,200.16 2 0
github.com/zarldev/goenums/generator/gofile/gofile_parser.go:200.16,201.13 1 0
github.com/zarldev/goenums/generator/gofile/gofile_parser.go:203.4,204.43 2 0
github.com/zarldev/goenums/generator/gofile/gofile_parser.go:207.2,207.16 1 0
github.com/zarldev/goenums/generator/gofile/gofile_parser.go:207.16,209.3 1 0
github.com/zarldev/goenums/generator/gofile/gofile_parser.go:210.2,210.14 1 0
github.com/zarldev/goenums/generator/gofile/gofile_parser.go:213.108,214.24 1 0
github.com/zarldev/goenums/generator/gofile/gofile_parser.go:214.24,217.3 2 0
github.com/zarldev/goenums/generator/gofile/gofile_parser.go:218.2,218.22 1 0
github.com/zarldev/goenums/generator/gofile/gofile_parser.go:218.22,219.31 1 0
github.com/zarldev/goenums/generator/gofile/gofile_parser.go:219.31,221.11 2 0
github.com/zarldev/goenums/generator/gofile/gofile_parser.go:221.11,222.13 1 0
github.com/zarldev/goenums/generator/gofile/gofile_parser.go:224.4,224.24 1 0
github.com/zarldev/goenums/generator/gofile/gofile_parser.go:224.24,226.5 1 0
github.com/zarldev/goenums/generator/gofile/gofile_parser.go:229.2,229.20 1 0
github.com/zarldev/goenums/generator/gofile/gofile_parser.go:229.20,231.10 2 0
github.com/zarldev/goenums/generator/gofile/gofile_parser.go:231.10,233.4 1 0
github.com/zarldev/goenums/generator/gofile/gofile_parser.go:234.3,234.30 1 0
github.com/zarldev/goenums/generator/gofile/gofile_parser.go:234.30,236.4 1 0
github.com/zarldev/goenums/generator/gofile/gofile_parser.go:238.2,239.17 2 0
github.com/zarldev/goenums/generator/gofile/gofile_parser.go:239.17,242.3 2 0
github.com/zarldev/goenums/generator/gofile/gofile_parser.go:243.2,246.30 2 0
github.com/zarldev/goenums/generator/gofile/gofile_parser.go:246.30,248.10 2 0
github.com/zarldev/goenums/generator/gofile/gofile_parser.go:248.10,249.12 1 0
github.com/zarldev/goenums/generator/gofile/gofile_parser.go:251.3,252.10 2 0
github.com/zarldev/goenums/generator/gofile/gofile_parser.go:252.10,254.4 1 0
github.com/zarldev/goenums/generator/gofile/gofile_parser.go:255.3,255.31 1 0
github.com/zarldev/goenums/generator/gofile/gofile_parser.go:255.31,257.4 1 0
github.com/zarldev/goenums/generator/gofile/gofile_parser.go:257.9,259.4 1 0
github.com/zarldev/goenums/generator/gofile/gofile_parser.go:260.3,261.10 2 0
github.com/zarldev/goenums/generator/gofile/gofile_parser.go:261.10,263.4 1 0
github.com/zarldev/goenums/generator/gofile/gofile_parser.go:264.3,264.26 1 0
github.com/zarldev/goenums/generator/gofile/gofile_parser.go:264.26,266.4 1 0
github.com/zarldev/goenums/generator/gofile/gofile_parser.go:267.3,268.17 2 0
github.com/zarldev/goenums/generator/gofile/gofile_parser.go:268.17,270.4 1 0
github.com/zarldev/goenums/generator/gofile/gofile_parser.go:271.3,272.29 2 0
github.com/zarldev/goenums/generator/gofile/gofile_parser.go:274.2,277.51 3 0
github.com/zarldev/goenums/generator/gofile/gofile_parser.go:277.51,280.94 3 0
github.com/zarldev/goenums/generator/gofile/gofile_parser.go:280.94,282.4 1 0
github.com/zarldev/goenums/generator/gofile/gofile_parser.go:283.3,285.13 3 0
github.com/zarldev/goenums/generator/gofile/gofile_parser.go:285.13,287.4 1 0
github.com/zarldev/goenums/generator/gofile/gofile_parser.go:288.3,291.27 4 0
github.com/zarldev/goenums/generator/gofile/gofile_parser.go:291.27,293.4 1 0
github.com/zarldev/goenums/generator/gofile/gofile_parser.go:294.3,294.27 1 0
github.com/zarldev/goenums/generator/gofile/gofile_parser.go:294.27,295.26 1 0
github.com/zarldev/goenums/generator/gofile/gofile_parser.go:295.26,297.19 2 0
github.com/zarldev/goenums/generator/gofile/gofile_parser.go:297.19,302.6 2 0
github.com/zarldev/goenums/generator/gofile/gofile_parser.go:303.5,304.15 2 0
github.com/zarldev/goenums/generator/gofile/gofile_parser.go:306.4,307.14 2 0
github.com/zarldev/goenums/generator/gofile/gofile_parser.go:309.3,309.27 1 0
github.com/zarldev/goenums/generator/gofile/gofile_parser.go:309.27,312.18 3 0
github.com/zarldev/goenums/generator/gofile/gofile_parser.go:312.18,314.5 1 0
github.com/zarldev/goenums/generator/gofile/gofile_parser.go:315.4,316.14 2 0
github.com/zarldev/goenums/generator/gofile/gofile_parser.go:319.2,319.12 1 0
github.com/zarldev/goenums/generator/gofile/gofile_parser.go:327.55,329.34 2 0
github.com/zarldev/goenums/generator/gofile/gofile_parser.go:329.34,331.10 2 0
github.com/zarldev/goenums/generator/gofile/gofile_parser.go:331.10,332.12 1 0
github.com/zarldev/goenums/generator/gofile/gofile_parser.go:334.3,334.32 1 0
github.com/zarldev/goenums/generator/gofile/gofile_parser.go:334.32,336.11 2 0
github.com/zarldev/goenums/generator/gofile/gofile_parser.go:336.11,337.13 1 0
github.com/zarldev/goenums/generator/gofile/gofile_parser.go:339.4,339.22 1 0
github.com/zarldev/goenums/generator/gofile/gofile_parser.go:339.22,344.31 2 0
github.com/zarldev/goenums/generator/gofile/gofile_parser.go:344.31,346.42 2 0
github.com/zarldev/goenums/generator/gofile/gofile_parser.go:346.42,348.7 1 0
github.com/zarldev/goenums/generator/gofile/gofile_parser.go:349.6,354.30 5 0
github.com/zarldev/goenums/generator/gofile/gofile_parser.go:356.5,356.44 1 0
github.com/zarldev/goenums/generator/gofile/gofile_parser.go:360.2,364.3 2 0
[...]
github.com/zarldev/goenums/generator/gofile/gofile_writer.go:718.5,718.38 1 0
github.com/zarldev/goenums/generator/gofile/gofile_writer.go:718.38,719.14 1 0
github.com/zarldev/goenums/generator/gofile/gofile_writer.go:721.5,721.50 1 0
github.com/zarldev/goenums/generator/gofile/gofile_writer.go:724.3,732.5 1 0
github.com/zarldev/goenums/generator/gofile/gofile_writer.go:734.2,734.14 1 0
github.com/zarldev/goenums/generator/gofile/gofile_writer.go:782.63,784.16 2 0
github.com/zarldev/goenums/generator/gofile/gofile_writer.go:784.16,786.3 1 0
github.com/zarldev/goenums/generator/gofile/gofile_writer.go:786.8,788.3 1 0
github.com/zarldev/goenums/generator/gofile/gofile_writer.go:789.2,797.47 2 0
github.com/zarldev/goenums/generator/gofile/gofile_writer.go:861.65,867.2 1 0
github.com/zarldev/goenums/generator/gofile/gofile_writer.go:913.71,921.2 1 0
github.com/zarldev/goenums/generator/gofile/gofile_writer.go:955.42,957.2 1 0
github.com/zarldev/goenums/generator/gofile/gofile_writer.go:978.70,986.2 3 0
github.com/zarldev/goenums/logging/logging.go:26.30,28.2 1 0
github.com/zarldev/goenums/logging/logging.go:32.53,34.13 2 0
github.com/zarldev/goenums/logging/logging.go:34.13,36.3 1 0
github.com/zarldev/goenums/logging/logging.go:37.2,39.25 3 0
github.com/zarldev/goenums/logging/logging.go:44.80,45.17 1 0
github.com/zarldev/goenums/logging/logging.go:45.17,47.3 1 0
github.com/zarldev/goenums/logging/logging.go:48.2,52.3 1 0
github.com/zarldev/goenums/logging/logging.go:64.70,66.2 1 0
github.com/zarldev/goenums/logging/logging.go:70.60,79.2 4 0
github.com/zarldev/goenums/logging/logging.go:83.54,90.2 1 0
github.com/zarldev/goenums/logging/logging.go:93.37,98.17 2 0
github.com/zarldev/goenums/logging/logging.go:98.17,101.3 2 0
github.com/zarldev/goenums/logging/logging.go:102.2,103.16 2 0
github.com/zarldev/goenums/logging/logging.go:103.16,105.3 1 0
github.com/zarldev/goenums/logging/logging.go:106.2,107.62 2 0
github.com/zarldev/goenums/logging/logging.go:111.67,115.31 2 0
github.com/zarldev/goenums/logging/logging.go:115.31,116.53 1 0
github.com/zarldev/goenums/logging/logging.go:116.53,118.4 1 0
github.com/zarldev/goenums/logging/logging.go:121.2,121.33 1 0
github.com/zarldev/goenums/logging/logging.go:121.33,122.81 1 0
github.com/zarldev/goenums/logging/logging.go:122.81,124.4 1 0
github.com/zarldev/goenums/logging/logging.go:125.3,125.50 1 0
github.com/zarldev/goenums/logging/logging.go:125.50,127.4 1 0
github.com/zarldev/goenums/logging/logging.go:128.3,128.14 1 0
github.com/zarldev/goenums/logging/logging.go:131.2,134.21 2 0
github.com/zarldev/goenums/logging/logging.go:134.21,136.24 2 0
github.com/zarldev/goenums/logging/logging.go:136.24,138.4 1 0
github.com/zarldev/goenums/logging/logging.go:142.2,142.23 1 0
github.com/zarldev/goenums/logging/logging.go:142.23,144.3 1 0
github.com/zarldev/goenums/logging/logging.go:147.2,147.23 1 0
github.com/zarldev/goenums/logging/logging.go:147.23,149.3 1 0
github.com/zarldev/goenums/logging/logging.go:151.2,151.61 1 0
github.com/zarldev/goenums/logging/logging.go:151.61,153.3 1 0
github.com/zarldev/goenums/logging/logging.go:154.2,154.12 1 0
github.com/zarldev/goenums/source/file.go:23.40,25.2 1 0
github.com/zarldev/goenums/source/file.go:29.66,34.2 1 0
github.com/zarldev/goenums/source/file.go:47.49,50.16 2 0
github.com/zarldev/goenums/source/file.go:50.16,52.3 1 0
github.com/zarldev/goenums/source/file.go:53.2,53.35 1 0
github.com/zarldev/goenums/source/file.go:53.35,56.3 1 0
github.com/zarldev/goenums/source/file.go:57.2,58.16 2 0
github.com/zarldev/goenums/source/file.go:58.16,60.3 1 0
github.com/zarldev/goenums/source/file.go:61.2,61.15 1 0
github.com/zarldev/goenums/source/file.go:67.41,69.2 1 0
github.com/zarldev/goenums/source/reader.go:16.49,18.2 1 0
github.com/zarldev/goenums/source/reader.go:31.51,33.16 2 0
github.com/zarldev/goenums/source/reader.go:33.16,35.3 1 0
github.com/zarldev/goenums/source/reader.go:36.2,36.15 1 0
github.com/zarldev/goenums/source/reader.go:42.43,44.2 1 0
github.com/zarldev/goenums/strings/strings.go:83.50,84.35 1 0
github.com/zarldev/goenums/strings/strings.go:84.35,86.30 2 0
github.com/zarldev/goenums/strings/strings.go:86.30,87.19 1 0
github.com/zarldev/goenums/strings/strings.go:87.19,89.5 1 0
github.com/zarldev/goenums/strings/strings.go:89.10,89.38 1 0
github.com/zarldev/goenums/strings/strings.go:89.38,91.5 1 0
github.com/zarldev/goenums/strings/strings.go:93.3,93.19 1 0
github.com/zarldev/goenums/strings/strings.go:95.2,96.12 2 0
github.com/zarldev/goenums/strings/strings.go:96.12,98.3 1 0
github.com/zarldev/goenums/strings/strings.go:99.2,99.22 1 0
github.com/zarldev/goenums/strings/strings.go:103.49,104.33 1 19
github.com/zarldev/goenums/strings/strings.go:104.33,107.3 1 3
github.com/zarldev/goenums/strings/strings.go:108.2,108.33 1 16
github.com/zarldev/goenums/strings/strings.go:108.33,111.3 1 16
github.com/zarldev/goenums/strings/strings.go:113.2,113.90 1 0
github.com/zarldev/goenums/strings/strings.go:113.90,114.32 1 0
github.com/zarldev/goenums/strings/strings.go:114.32,115.19 1 0
github.com/zarldev/goenums/strings/strings.go:115.19,117.5 1 0
github.com/zarldev/goenums/strings/strings.go:118.4,118.65 1 0
github.com/zarldev/goenums/strings/strings.go:121.2,122.24 2 0
github.com/zarldev/goenums/strings/strings.go:122.24,123.25 1 0
github.com/zarldev/goenums/strings/strings.go:123.25,125.4 1 0
github.com/zarldev/goenums/strings/strings.go:127.2,127.31 1 0
github.com/zarldev/goenums/strings/strings.go:127.31,128.23 1 0
github.com/zarldev/goenums/strings/strings.go:128.23,129.38 1 0
github.com/zarldev/goenums/strings/strings.go:129.38,131.5 1 0
github.com/zarldev/goenums/strings/strings.go:133.3,133.11 1 0
github.com/zarldev/goenums/strings/strings.go:137.35,138.48 1 19
github.com/zarldev/goenums/strings/strings.go:138.48,140.3 1 0
github.com/zarldev/goenums/strings/strings.go:141.2,141.65 1 19
github.com/zarldev/goenums/strings/strings.go:141.65,143.3 1 0
github.com/zarldev/goenums/strings/strings.go:144.2,144.56 1 19
github.com/zarldev/goenums/strings/strings.go:144.56,146.3 1 6
github.com/zarldev/goenums/strings/strings.go:147.2,147.61 1 13
github.com/zarldev/goenums/strings/strings.go:147.61,149.3 1 0
github.com/zarldev/goenums/strings/strings.go:150.2,150.14 1 13
github.com/zarldev/goenums/strings/strings.go:153.30,155.2 1 0
github.com/zarldev/goenums/strings/strings.go:157.42,158.20 1 0
github.com/zarldev/goenums/strings/strings.go:158.20,160.3 1 0
github.com/zarldev/goenums/strings/strings.go:161.2,162.30 2 0
github.com/zarldev/goenums/strings/strings.go:162.30,164.3 1 0
github.com/zarldev/goenums/strings/strings.go:166.2,166.37 1 0
github.com/zarldev/goenums/strings/strings.go:166.37,172.57 5 0
github.com/zarldev/goenums/strings/strings.go:172.57,174.4 1 0
github.com/zarldev/goenums/strings/strings.go:174.9,176.4 1 0
github.com/zarldev/goenums/strings/strings.go:177.3,178.34 2 0
github.com/zarldev/goenums/strings/strings.go:181.2,181.37 1 0
github.com/zarldev/goenums/strings/strings.go:181.37,187.57 5 0
github.com/zarldev/goenums/strings/strings.go:187.57,189.4 1 0
github.com/zarldev/goenums/strings/strings.go:189.9,191.4 1 0
github.com/zarldev/goenums/strings/strings.go:192.3,193.34 2 0
github.com/zarldev/goenums/strings/strings.go:196.2,196.37 1 0
github.com/zarldev/goenums/strings/strings.go:196.37,202.57 5 0
github.com/zarldev/goenums/strings/strings.go:202.57,204.4 1 0
github.com/zarldev/goenums/strings/strings.go:204.9,206.4 1 0
github.com/zarldev/goenums/strings/strings.go:207.3,208.34 2 0
github.com/zarldev/goenums/strings/strings.go:211.2,211.37 1 0
github.com/zarldev/goenums/strings/strings.go:211.37,217.57 5 0
github.com/zarldev/goenums/strings/strings.go:217.57,219.4 1 0
github.com/zarldev/goenums/strings/strings.go:219.9,221.4 1 0
github.com/zarldev/goenums/strings/strings.go:222.3,223.34 2 0
github.com/zarldev/goenums/strings/strings.go:226.2,227.60 2 0
github.com/zarldev/goenums/strings/strings.go:227.60,229.3 1 0
github.com/zarldev/goenums/strings/strings.go:230.2,230.41 1 0
github.com/zarldev/goenums/strings/strings.go:233.38,235.51 2 11
github.com/zarldev/goenums/strings/strings.go:235.51,237.3 1 0
github.com/zarldev/goenums/strings/strings.go:238.2,238.47 1 11
github.com/zarldev/goenums/strings/strings.go:238.47,240.3 1 10
github.com/zarldev/goenums/strings/strings.go:241.2,241.49 1 1
github.com/zarldev/goenums/strings/strings.go:241.49,243.3 1 0
github.com/zarldev/goenums/strings/strings.go:244.2,244.50 1 1
github.com/zarldev/goenums/strings/strings.go:244.50,246.3 1 0
github.com/zarldev/goenums/strings/strings.go:247.2,247.47 1 1
github.com/zarldev/goenums/strings/strings.go:247.47,249.3 1 0
github.com/zarldev/goenums/strings/strings.go:250.2,250.13 1 1
github.com/zarldev/goenums/strings/strings.go:254.37,255.20 1 20
github.com/zarldev/goenums/strings/strings.go:255.20,257.3 1 1
github.com/zarldev/goenums/strings/strings.go:259.2,261.29 2 19
github.com/zarldev/goenums/strings/strings.go:261.29,263.3 1 0
github.com/zarldev/goenums/strings/strings.go:266.2,266.37 1 19
github.com/zarldev/goenums/strings/strings.go:266.37,273.48 5 3
github.com/zarldev/goenums/strings/strings.go:273.48,275.4 1 1
github.com/zarldev/goenums/strings/strings.go:275.9,277.4 1 2
github.com/zarldev/goenums/strings/strings.go:278.3,280.34 2 3
github.com/zarldev/goenums/strings/strings.go:283.2,286.43 3 16
github.com/zarldev/goenums/strings/strings.go:286.43,288.3 1 6
github.com/zarldev/goenums/strings/strings.go:288.8,290.3 1 10
github.com/zarldev/goenums/strings/strings.go:292.2,292.26 1 16
github.com/zarldev/goenums/strings/strings.go:296.36,300.22 3 0
github.com/zarldev/goenums/strings/strings.go:300.22,301.85 1 0
github.com/zarldev/goenums/strings/strings.go:301.85,304.4 2 0
github.com/zarldev/goenums/strings/strings.go:305.3,305.23 1 0
github.com/zarldev/goenums/strings/strings.go:307.2,308.14 2 0
github.com/zarldev/goenums/strings/strings.go:312.42,313.33 1 0
github.com/zarldev/goenums/strings/strings.go:313.33,315.3 1 0
github.com/zarldev/goenums/strings/strings.go:316.2,316.33 1 0
github.com/zarldev/goenums/strings/strings.go:316.33,318.3 1 0
github.com/zarldev/goenums/strings/strings.go:320.2,322.58 3 0
github.com/zarldev/goenums/strings/strings.go:322.58,323.35 1 0
github.com/zarldev/goenums/strings/strings.go:323.35,325.4 1 0
github.com/zarldev/goenums/strings/strings.go:325.9,327.4 1 0
github.com/zarldev/goenums/strings/strings.go:329.2,329.25 1 0
github.com/zarldev/goenums/strings/strings.go:332.36,334.21 2 0
github.com/zarldev/goenums/strings/strings.go:334.21,336.3 1 0
github.com/zarldev/goenums/strings/strings.go:338.2,343.38 4 0
github.com/zarldev/goenums/strings/strings.go:343.38,344.17 1 0
github.com/zarldev/goenums/strings/strings.go:344.17,346.9 2 0
github.com/zarldev/goenums/strings/strings.go:350.2,350.46 1 0
github.com/zarldev/goenums/strings/strings.go:350.46,352.3 1 0
github.com/zarldev/goenums/strings/strings.go:354.2,354.20 1 0
github.com/zarldev/goenums/strings/strings.go:354.20,356.3 1 0
github.com/zarldev/goenums/strings/strings.go:359.2,361.32 3 0
github.com/zarldev/goenums/strings/strings.go:364.40,365.19 1 0
github.com/zarldev/goenums/strings/strings.go:365.19,367.3 1 0
github.com/zarldev/goenums/strings/strings.go:368.2,369.51 1 0
github.com/zarldev/goenums/strings/strings.go:381.34,382.18 1 14
github.com/zarldev/goenums/strings/strings.go:382.18,384.3 1 0
github.com/zarldev/goenums/strings/strings.go:385.2,386.31 2 14
github.com/zarldev/goenums/strings/strings.go:386.31,388.3 1 1
github.com/zarldev/goenums/strings/strings.go:389.2,389.31 1 13
github.com/zarldev/goenums/strings/strings.go:389.31,391.3 1 3
github.com/zarldev/goenums/strings/strings.go:392.2,392.31 1 10
github.com/zarldev/goenums/strings/strings.go:392.31,394.3 1 1
github.com/zarldev/goenums/strings/strings.go:395.2,395.31 1 9
github.com/zarldev/goenums/strings/strings.go:395.31,397.3 1 0
github.com/zarldev/goenums/strings/strings.go:398.2,398.33 1 9
github.com/zarldev/goenums/strings/strings.go:398.33,400.3 1 1
github.com/zarldev/goenums/strings/strings.go:401.2,401.33 1 8
github.com/zarldev/goenums/strings/strings.go:401.33,403.3 1 1
github.com/zarldev/goenums/strings/strings.go:404.2,404.31 1 7
github.com/zarldev/goenums/strings/strings.go:404.31,406.3 1 1
github.com/zarldev/goenums/strings/strings.go:407.2,408.20 2 6
github.com/zarldev/goenums/strings/strings.go:408.20,410.3 1 6
github.com/zarldev/goenums/strings/strings.go:411.2,411.11 1 0
github.com/zarldev/goenums/strings/strings.go:414.41,417.29 3 8
github.com/zarldev/goenums/strings/strings.go:417.29,418.17 1 16
github.com/zarldev/goenums/strings/strings.go:418.17,419.12 1 0
github.com/zarldev/goenums/strings/strings.go:421.3,422.21 2 16
github.com/zarldev/goenums/strings/strings.go:422.21,425.4 2 16
github.com/zarldev/goenums/strings/strings.go:427.2,427.24 1 8
github.com/zarldev/goenums/strings/strings.go:430.40,432.12 2 12
github.com/zarldev/goenums/strings/strings.go:432.12,434.3 1 0
github.com/zarldev/goenums/strings/strings.go:435.2,435.12 1 12
github.com/zarldev/goenums/strings/strings.go:435.12,437.3 1 1
github.com/zarldev/goenums/strings/strings.go:438.2,440.31 3 11
github.com/zarldev/goenums/strings/strings.go:440.31,442.3 1 2
github.com/zarldev/goenums/strings/strings.go:443.2,443.49 1 11
github.com/zarldev/goenums/strings/strings.go:443.49,445.3 1 1
github.com/zarldev/goenums/strings/strings.go:446.2,446.78 1 10
github.com/zarldev/goenums/strings/strings.go:446.78,448.3 1 3
github.com/zarldev/goenums/strings/strings.go:449.2,449.11 1 7
github.com/zarldev/goenums/strings/strings.go:449.11,451.60 2 7
github.com/zarldev/goenums/strings/strings.go:451.60,453.4 1 2
github.com/zarldev/goenums/strings/strings.go:455.2,455.19 1 5
github.com/zarldev/goenums/strings/strings.go:460.31,462.2 1 0
github.com/zarldev/goenums/strings/strings.go:466.31,468.2 1 0
github.com/zarldev/goenums/strings/strings.go:472.38,474.2 1 0
github.com/zarldev/goenums/strings/strings.go:479.33,481.2 1 0
github.com/zarldev/goenums/strings/strings.go:483.42,485.2 1 0
github.com/zarldev/goenums/strings/strings.go:486.42,488.2 1 0
github.com/zarldev/goenums/strings/strings.go:492.36,494.2 1 0
github.com/zarldev/goenums/strings/strings.go:499.40,501.2 1 0
github.com/zarldev/goenums/strings/strings.go:506.41,508.2 1 0
github.com/zarldev/goenums/strings/strings.go:512.39,514.2 1 0
github.com/zarldev/goenums/strings/strings.go:518.39,520.2 1 0
github.com/zarldev/goenums/strings/strings.go:525.31,527.2 1 0
github.com/zarldev/goenums/strings/strings.go:531.31,533.2 1 0
github.com/zarldev/goenums/strings/strings.go:538.42,540.2 1 0
github.com/zarldev/goenums/strings/strings.go:545.44,547.2 1 0
github.com/zarldev/goenums/strings/strings.go:552.32,554.2 1 0
github.com/zarldev/goenums/strings/strings.go:558.35,560.2 1 0
github.com/zarldev/goenums/strings/strings.go:566.40,568.2 1 0
github.com/zarldev/goenums/strings/strings.go:576.52,578.2 1 0
github.com/zarldev/goenums/strings/strings.go:584.54,588.27 2 0
github.com/zarldev/goenums/strings/strings.go:588.27,590.3 1 0
github.com/zarldev/goenums/strings/strings.go:591.2,591.10 1 0
github.com/zarldev/goenums/strings/strings.go:594.51,596.2 1 0
github.com/zarldev/goenums/strings/strings.go:600.43,601.29 1 0
github.com/zarldev/goenums/strings/strings.go:601.29,603.3 1 0
github.com/zarldev/goenums/strings/strings.go:606.27,608.2 1 0
github.com/zarldev/goenums/strings/strings.go:612.45,613.16 1 0
github.com/zarldev/goenums/strings/strings.go:613.16,615.3 1 0
github.com/zarldev/goenums/strings/strings.go:616.2,616.27 1 0
github.com/zarldev/goenums/strings/strings.go:621.39,622.16 1 0
github.com/zarldev/goenums/strings/strings.go:622.16,624.3 1 0
github.com/zarldev/goenums/strings/strings.go:625.2,625.21 1 0
github.com/zarldev/goenums/strings/strings.go:630.33,631.16 1 0
github.com/zarldev/goenums/strings/strings.go:631.16,633.3 1 0
github.com/zarldev/goenums/strings/strings.go:634.2,634.18 1 0
github.com/zarldev/goenums/strings/strings.go:639.31,640.16 1 0
github.com/zarldev/goenums/strings/strings.go:640.16,642.3 1 0
github.com/zarldev/goenums/strings/strings.go:643.2,643.13 1 0
github.com/zarldev/goenums/strings/strings.go:648.35,649.16 1 0
github.com/zarldev/goenums/strings/strings.go:649.16,651.3 1 0
github.com/zarldev/goenums/strings/strings.go:652.2,652.13 1 0
github.com/zarldev/goenums/strings/strings.go:657.47,658.16 1 0
github.com/zarldev/goenums/strings/strings.go:658.16,660.3 1 0
github.com/zarldev/goenums/strings/strings.go:661.2,661.25 1 0
github.com/zarldev/goenums/strings/strings.go:664.33,665.17 1 0
github.com/zarldev/goenums/strings/strings.go:665.17,667.3 1 0
github.com/zarldev/goenums/strings/strings.go:668.2,668.17 1 0
github.com/zarldev/goenums/strings/strings.go:668.17,670.3 1 0
github.com/zarldev/goenums/strings/strings.go:671.2,671.17 1 0
github.com/zarldev/goenums/strings/strings.go:671.17,673.3 1 0
github.com/zarldev/goenums/strings/strings.go:674.2,674.40 1 0
github.com/zarldev/goenums/strings/strings.go:674.40,676.3 1 0
github.com/zarldev/goenums/strings/strings.go:677.2,677.38 1 0
github.com/zarldev/goenums/strings/strings.go:677.38,679.3 1 0
github.com/zarldev/goenums/strings/strings.go:680.2,680.16 1 0
github.com/zarldev/goenums/strings/strings.go:683.50,684.39 1 0
github.com/zarldev/goenums/strings/strings.go:684.39,686.3 1 0
github.com/zarldev/goenums/strings/strings.go:687.2,687.18 1 0
github.com/zarldev/goenums/strings/strings.go:690.48,691.31 1 0
github.com/zarldev/goenums/strings/strings.go:691.31,693.3 1 0
github.com/zarldev/goenums/strings/strings.go:694.2,694.89 1 0
github.com/zarldev/goenums/strings/strings.go:694.89,696.3 1 0
github.com/zarldev/goenums/strings/strings.go:697.2,697.62 1 0
github.com/zarldev/goenums/strings/strings.go:697.62,699.3 1 0
github.com/zarldev/goenums/strings/strings.go:700.2,700.18 1 0
github.com/zarldev/goenums/strings/strings.go:703.30,704.26 1 0
github.com/zarldev/goenums/strings/strings.go:704.26,706.3 1 0
github.com/zarldev/goenums/strings/strings.go:707.2,707.27 1 0
github.com/zarldev/goenums/strings/strings.go:710.39,713.2 2 0
github.com/zarldev/goenums/strings/strings.go:715.37,719.2 1 0
github.com/zarldev/goenums/strings/strings.go:721.29,722.17 1 0
github.com/zarldev/goenums/strings/strings.go:722.17,724.3 1 0
github.com/zarldev/goenums/strings/strings.go:725.2,725.17 1 0
github.com/zarldev/goenums/strings/strings.go:725.17,727.3 1 0
github.com/zarldev/goenums/strings/strings.go:728.2,729.26 2 0
github.com/zarldev/goenums/strings/strings.go:732.41,733.17 1 0
github.com/zarldev/goenums/strings/strings.go:733.17,735.3 1 0
github.com/zarldev/goenums/strings/strings.go:736.2,736.17 1 0
github.com/zarldev/goenums/strings/strings.go:736.17,738.3 1 0
github.com/zarldev/goenums/strings/strings.go:739.2,740.26 2 0
github.com/zarldev/goenums/strings/strings.go:755.24,756.23 1 0
github.com/zarldev/goenums/strings/strings.go:757.14,758.23 1 0
github.com/zarldev/goenums/strings/strings.go:759.14,760.31 1 0
github.com/zarldev/goenums/strings/strings.go:761.14,762.31 1 0
github.com/zarldev/goenums/strings/strings.go:763.12,764.31 1 0
github.com/zarldev/goenums/strings/strings.go:765.17,766.32 1 0
github.com/zarldev/goenums/strings/strings.go:767.21,772.14 5 0
github.com/zarldev/goenums/strings/strings.go:772.14,776.4 3 0
github.com/zarldev/goenums/strings/strings.go:777.3,777.15 1 0
github.com/zarldev/goenums/strings/strings.go:777.15,781.4 3 0
github.com/zarldev/goenums/strings/strings.go:782.3,782.15 1 0
github.com/zarldev/goenums/strings/strings.go:782.15,786.4 3 0
github.com/zarldev/goenums/strings/strings.go:787.3,787.20 1 0
github.com/zarldev/goenums/strings/strings.go:788.20,789.32 1 0
github.com/zarldev/goenums/strings/strings.go:790.10,791.30 1 0
github.com/zarldev/goenums/strings/strings.go:796.43,800.46 3 0
github.com/zarldev/goenums/strings/strings.go:800.46,802.3 1 0
github.com/zarldev/goenums/strings/strings.go:803.2,803.44 1 0
